{"C:\\Users\\agafn\\Desktop\\education system 5\\apps\\web\\src\\app\\edu\\layout.tsx": {"path":"C:\\Users\\agafn\\Desktop\\education system 5\\apps\\web\\src\\app\\edu\\layout.tsx","statementMap":{"0":{"start":{"line":6,"column":0},"end":{"line":6,"column":24}},"1":{"start":{"line":3,"column":0},"end":{"line":3,"column":26}},"2":{"start":{"line":4,"column":0},"end":{"line":4,"column":53}},"3":{"start":{"line":7,"column":2},"end":{"line":7,"column":41}}},"fnMap":{"0":{"name":"Layout","decl":{"start":{"line":6,"column":24},"end":{"line":6,"column":30}},"loc":{"start":{"line":6,"column":74},"end":{"line":8,"column":1}}}},"branchMap":{},"s":{"0":1,"1":1,"2":1,"3":1},"f":{"0":1},"b":{}}
,"C:\\Users\\agafn\\Desktop\\education system 5\\apps\\web\\src\\app\\edu\\assignments\\page.tsx": {"path":"C:\\Users\\agafn\\Desktop\\education system 5\\apps\\web\\src\\app\\edu\\assignments\\page.tsx","statementMap":{"0":{"start":{"line":6,"column":0},"end":{"line":6,"column":24}},"1":{"start":{"line":3,"column":0},"end":{"line":3,"column":26}},"2":{"start":{"line":4,"column":0},"end":{"line":4,"column":74}},"3":{"start":{"line":7,"column":2},"end":{"line":7,"column":29}}},"fnMap":{"0":{"name":"Page","decl":{"start":{"line":6,"column":24},"end":{"line":6,"column":28}},"loc":{"start":{"line":6,"column":28},"end":{"line":8,"column":1}}}},"branchMap":{},"s":{"0":1,"1":1,"2":1,"3":1},"f":{"0":1},"b":{}}
,"C:\\Users\\agafn\\Desktop\\education system 5\\apps\\web\\src\\app\\edu\\courses\\page.tsx": {"path":"C:\\Users\\agafn\\Desktop\\education system 5\\apps\\web\\src\\app\\edu\\courses\\page.tsx","statementMap":{"0":{"start":{"line":6,"column":0},"end":{"line":6,"column":24}},"1":{"start":{"line":3,"column":0},"end":{"line":3,"column":26}},"2":{"start":{"line":4,"column":0},"end":{"line":4,"column":62}},"3":{"start":{"line":7,"column":2},"end":{"line":7,"column":25}}},"fnMap":{"0":{"name":"Page","decl":{"start":{"line":6,"column":24},"end":{"line":6,"column":28}},"loc":{"start":{"line":6,"column":28},"end":{"line":8,"column":1}}}},"branchMap":{},"s":{"0":1,"1":1,"2":1,"3":1},"f":{"0":1},"b":{}}
,"C:\\Users\\agafn\\Desktop\\education system 5\\apps\\web\\src\\app\\edu\\sandbox\\page.tsx": {"path":"C:\\Users\\agafn\\Desktop\\education system 5\\apps\\web\\src\\app\\edu\\sandbox\\page.tsx","statementMap":{"0":{"start":{"line":6,"column":0},"end":{"line":6,"column":24}},"1":{"start":{"line":3,"column":0},"end":{"line":3,"column":26}},"2":{"start":{"line":4,"column":0},"end":{"line":4,"column":46}},"3":{"start":{"line":7,"column":2},"end":{"line":7,"column":24}}},"fnMap":{"0":{"name":"Page","decl":{"start":{"line":6,"column":24},"end":{"line":6,"column":28}},"loc":{"start":{"line":6,"column":28},"end":{"line":8,"column":1}}}},"branchMap":{},"s":{"0":1,"1":1,"2":1,"3":1},"f":{"0":1},"b":{}}
,"C:\\Users\\agafn\\Desktop\\education system 5\\apps\\web\\src\\components\\ui\\Badge.tsx": {"path":"C:\\Users\\agafn\\Desktop\\education system 5\\apps\\web\\src\\components\\ui\\Badge.tsx","statementMap":{"0":{"start":{"line":10,"column":0},"end":{"line":10,"column":16}},"1":{"start":{"line":3,"column":0},"end":{"line":3,"column":26}},"2":{"start":{"line":16,"column":22},"end":{"line":16,"column":91}},"3":{"start":{"line":18,"column":25},"end":{"line":23,"column":4}},"4":{"start":{"line":25,"column":22},"end":{"line":29,"column":4}},"5":{"start":{"line":31,"column":2},"end":{"line":36,"column":4}}},"fnMap":{"0":{"name":"Badge","decl":{"start":{"line":10,"column":16},"end":{"line":10,"column":21}},"loc":{"start":{"line":15,"column":13},"end":{"line":37,"column":1}}}},"branchMap":{"0":{"loc":{"start":{"line":11,"column":2},"end":{"line":11,"column":21}},"type":"default-arg","locations":[{"start":{"line":11,"column":12},"end":{"line":11,"column":21}}]},"1":{"loc":{"start":{"line":12,"column":2},"end":{"line":12,"column":13}},"type":"default-arg","locations":[{"start":{"line":12,"column":9},"end":{"line":12,"column":13}}]},"2":{"loc":{"start":{"line":13,"column":2},"end":{"line":13,"column":16}},"type":"default-arg","locations":[{"start":{"line":13,"column":14},"end":{"line":13,"column":16}}]}},"s":{"0":8,"1":8,"2":8,"3":8,"4":8,"5":8},"f":{"0":8},"b":{"0":[8],"1":[8],"2":[0]}}
,"C:\\Users\\agafn\\Desktop\\education system 5\\apps\\web\\src\\components\\ui\\Button.tsx": {"path":"C:\\Users\\agafn\\Desktop\\education system 5\\apps\\web\\src\\components\\ui\\Button.tsx","statementMap":{"0":{"start":{"line":10,"column":0},"end":{"line":10,"column":24}},"1":{"start":{"line":3,"column":0},"end":{"line":3,"column":26}},"2":{"start":{"line":17,"column":4},"end":{"line":17,"column":210}},"3":{"start":{"line":20,"column":4},"end":{"line":24,"column":87}},"4":{"start":{"line":27,"column":4},"end":{"line":31,"column":26}},"5":{"start":{"line":33,"column":2},"end":{"line":35,"column":4}}},"fnMap":{"0":{"name":"Button","decl":{"start":{"line":10,"column":24},"end":{"line":10,"column":30}},"loc":{"start":{"line":15,"column":14},"end":{"line":36,"column":1}}}},"branchMap":{"0":{"loc":{"start":{"line":11,"column":2},"end":{"line":11,"column":21}},"type":"default-arg","locations":[{"start":{"line":11,"column":12},"end":{"line":11,"column":21}}]},"1":{"loc":{"start":{"line":12,"column":2},"end":{"line":12,"column":13}},"type":"default-arg","locations":[{"start":{"line":12,"column":9},"end":{"line":12,"column":13}}]},"2":{"loc":{"start":{"line":13,"column":2},"end":{"line":13,"column":16}},"type":"default-arg","locations":[{"start":{"line":13,"column":14},"end":{"line":13,"column":16}}]},"3":{"loc":{"start":{"line":20,"column":4},"end":{"line":24,"column":87}},"type":"cond-expr","locations":[{"start":{"line":21,"column":8},"end":{"line":21,"column":78}},{"start":{"line":22,"column":8},"end":{"line":24,"column":87}}]},"4":{"loc":{"start":{"line":22,"column":8},"end":{"line":24,"column":87}},"type":"cond-expr","locations":[{"start":{"line":23,"column":8},"end":{"line":23,"column":84}},{"start":{"line":24,"column":8},"end":{"line":24,"column":87}}]},"5":{"loc":{"start":{"line":27,"column":4},"end":{"line":31,"column":26}},"type":"cond-expr","locations":[{"start":{"line":28,"column":8},"end":{"line":28,"column":26}},{"start":{"line":29,"column":8},"end":{"line":31,"column":26}}]},"6":{"loc":{"start":{"line":29,"column":8},"end":{"line":31,"column":26}},"type":"cond-expr","locations":[{"start":{"line":30,"column":8},"end":{"line":30,"column":29}},{"start":{"line":31,"column":8},"end":{"line":31,"column":26}}]}},"s":{"0":8,"1":8,"2":18,"3":18,"4":18,"5":18},"f":{"0":18},"b":{"0":[0],"1":[0],"2":[10],"3":[0,18],"4":[10,8],"5":[18,0],"6":[0,0]}}
,"C:\\Users\\agafn\\Desktop\\education system 5\\apps\\web\\src\\components\\ui\\dropdown-menu.tsx": {"path":"C:\\Users\\agafn\\Desktop\\education system 5\\apps\\web\\src\\components\\ui\\dropdown-menu.tsx","statementMap":{"0":{"start":{"line":10,"column":0},"end":{"line":10,"column":16}},"1":{"start":{"line":19,"column":0},"end":{"line":19,"column":16}},"2":{"start":{"line":35,"column":0},"end":{"line":35,"column":16}},"3":{"start":{"line":68,"column":0},"end":{"line":68,"column":16}},"4":{"start":{"line":88,"column":0},"end":{"line":88,"column":16}},"5":{"start":{"line":100,"column":0},"end":{"line":100,"column":16}},"6":{"start":{"line":110,"column":0},"end":{"line":110,"column":16}},"7":{"start":{"line":3,"column":0},"end":{"line":3,"column":59}},"8":{"start":{"line":4,"column":0},"end":{"line":4,"column":33}},"9":{"start":{"line":11,"column":2},"end":{"line":11,"column":25}},"10":{"start":{"line":20,"column":14},"end":{"line":20,"column":59}},"11":{"start":{"line":21,"column":2},"end":{"line":21,"column":35}},"12":{"start":{"line":21,"column":12},"end":{"line":21,"column":35}},"13":{"start":{"line":22,"column":30},"end":{"line":22,"column":33}},"14":{"start":{"line":23,"column":2},"end":{"line":26,"column":5}},"15":{"start":{"line":24,"column":19},"end":{"line":24,"column":35}},"16":{"start":{"line":36,"column":42},"end":{"line":36,"column":88}},"17":{"start":{"line":37,"column":2},"end":{"line":45,"column":36}},"18":{"start":{"line":39,"column":6},"end":{"line":41,"column":7}},"19":{"start":{"line":40,"column":8},"end":{"line":40,"column":23}},"20":{"start":{"line":43,"column":4},"end":{"line":43,"column":75}},"21":{"start":{"line":43,"column":16},"end":{"line":43,"column":75}},"22":{"start":{"line":44,"column":4},"end":{"line":44,"column":79}},"23":{"start":{"line":44,"column":17},"end":{"line":44,"column":78}},"24":{"start":{"line":46,"column":2},"end":{"line":46,"column":27}},"25":{"start":{"line":46,"column":15},"end":{"line":46,"column":27}},"26":{"start":{"line":47,"column":2},"end":{"line":59,"column":4}},"27":{"start":{"line":69,"column":22},"end":{"line":69,"column":68}},"28":{"start":{"line":70,"column":2},"end":{"line":80,"column":4}},"29":{"start":{"line":76,"column":23},"end":{"line":76,"column":35}},"30":{"start":{"line":76,"column":36},"end":{"line":76,"column":51}},"31":{"start":{"line":89,"column":2},"end":{"line":93,"column":4}},"32":{"start":{"line":101,"column":2},"end":{"line":105,"column":4}},"33":{"start":{"line":109,"column":36},"end":{"line":109,"column":73}},"34":{"start":{"line":111,"column":28},"end":{"line":111,"column":43}},"35":{"start":{"line":112,"column":21},"end":{"line":112,"column":49}},"36":{"start":{"line":113,"column":2},"end":{"line":117,"column":4}}},"fnMap":{"0":{"name":"DropdownMenu","decl":{"start":{"line":10,"column":16},"end":{"line":10,"column":28}},"loc":{"start":{"line":10,"column":60},"end":{"line":12,"column":1}}},"1":{"name":"DropdownMenuTrigger","decl":{"start":{"line":19,"column":16},"end":{"line":19,"column":35}},"loc":{"start":{"line":19,"column":141},"end":{"line":27,"column":1}}},"2":{"name":"(anonymous_11)","decl":{"start":{"line":24,"column":13},"end":{"line":24,"column":16}},"loc":{"start":{"line":24,"column":19},"end":{"line":24,"column":35}}},"3":{"name":"DropdownMenuContent","decl":{"start":{"line":35,"column":16},"end":{"line":35,"column":35}},"loc":{"start":{"line":35,"column":102},"end":{"line":60,"column":1}}},"4":{"name":"(anonymous_13)","decl":{"start":{"line":37,"column":12},"end":{"line":37,"column":15}},"loc":{"start":{"line":37,"column":17},"end":{"line":45,"column":3}}},"5":{"name":"handleClickOutside","decl":{"start":{"line":38,"column":13},"end":{"line":38,"column":31}},"loc":{"start":{"line":38,"column":49},"end":{"line":42,"column":5}}},"6":{"name":"(anonymous_15)","decl":{"start":{"line":44,"column":11},"end":{"line":44,"column":14}},"loc":{"start":{"line":44,"column":17},"end":{"line":44,"column":78}}},"7":{"name":"DropdownMenuItem","decl":{"start":{"line":68,"column":16},"end":{"line":68,"column":32}},"loc":{"start":{"line":68,"column":88},"end":{"line":81,"column":1}}},"8":{"name":"(anonymous_17)","decl":{"start":{"line":76,"column":15},"end":{"line":76,"column":18}},"loc":{"start":{"line":76,"column":20},"end":{"line":76,"column":53}}},"9":{"name":"DropdownMenuLabel","decl":{"start":{"line":88,"column":16},"end":{"line":88,"column":33}},"loc":{"start":{"line":88,"column":81},"end":{"line":94,"column":1}}},"10":{"name":"DropdownMenuSeparator","decl":{"start":{"line":100,"column":16},"end":{"line":100,"column":37}},"loc":{"start":{"line":100,"column":79},"end":{"line":106,"column":1}}},"11":{"name":"DropdownMenuRoot","decl":{"start":{"line":110,"column":16},"end":{"line":110,"column":32}},"loc":{"start":{"line":110,"column":76},"end":{"line":118,"column":1}}}},"branchMap":{"0":{"loc":{"start":{"line":21,"column":2},"end":{"line":21,"column":35}},"type":"if","locations":[{"start":{"line":21,"column":2},"end":{"line":21,"column":35}},{"start":{},"end":{}}]},"1":{"loc":{"start":{"line":35,"column":48},"end":{"line":35,"column":63}},"type":"default-arg","locations":[{"start":{"line":35,"column":56},"end":{"line":35,"column":63}}]},"2":{"loc":{"start":{"line":39,"column":6},"end":{"line":41,"column":7}},"type":"if","locations":[{"start":{"line":39,"column":6},"end":{"line":41,"column":7}},{"start":{},"end":{}}]},"3":{"loc":{"start":{"line":39,"column":10},"end":{"line":39,"column":82}},"type":"binary-expr","locations":[{"start":{"line":39,"column":10},"end":{"line":39,"column":28}},{"start":{"line":39,"column":32},"end":{"line":39,"column":82}}]},"4":{"loc":{"start":{"line":43,"column":4},"end":{"line":43,"column":75}},"type":"if","locations":[{"start":{"line":43,"column":4},"end":{"line":43,"column":75}},{"start":{},"end":{}}]},"5":{"loc":{"start":{"line":46,"column":2},"end":{"line":46,"column":27}},"type":"if","locations":[{"start":{"line":46,"column":2},"end":{"line":46,"column":27}},{"start":{},"end":{}}]},"6":{"loc":{"start":{"line":52,"column":8},"end":{"line":52,"column":36}},"type":"binary-expr","locations":[{"start":{"line":52,"column":8},"end":{"line":52,"column":23}},{"start":{"line":52,"column":27},"end":{"line":52,"column":36}}]},"7":{"loc":{"start":{"line":53,"column":8},"end":{"line":53,"column":57}},"type":"binary-expr","locations":[{"start":{"line":53,"column":8},"end":{"line":53,"column":26}},{"start":{"line":53,"column":30},"end":{"line":53,"column":57}}]}},"s":{"0":8,"1":8,"2":8,"3":8,"4":8,"5":8,"6":8,"7":8,"8":8,"9":8,"10":10,"11":10,"12":0,"13":10,"14":10,"15":1,"16":10,"17":10,"18":0,"19":0,"20":10,"21":1,"22":10,"23":10,"24":10,"25":9,"26":1,"27":2,"28":2,"29":1,"30":1,"31":1,"32":1,"33":8,"34":10,"35":10,"36":10},"f":{"0":8,"1":10,"2":1,"3":10,"4":10,"5":0,"6":10,"7":2,"8":1,"9":1,"10":1,"11":10},"b":{"0":[0,10],"1":[0],"2":[0,0],"3":[0,0],"4":[1,9],"5":[9,1],"6":[1,1],"7":[1,0]}}
,"C:\\Users\\agafn\\Desktop\\education system 5\\apps\\web\\src\\components\\ui\\modal.tsx": {"path":"C:\\Users\\agafn\\Desktop\\education system 5\\apps\\web\\src\\components\\ui\\modal.tsx","statementMap":{"0":{"start":{"line":8,"column":0},"end":{"line":8,"column":16}},"1":{"start":{"line":13,"column":0},"end":{"line":13,"column":16}},"2":{"start":{"line":18,"column":0},"end":{"line":18,"column":16}},"3":{"start":{"line":23,"column":0},"end":{"line":23,"column":16}},"4":{"start":{"line":3,"column":0},"end":{"line":3,"column":26}},"5":{"start":{"line":6,"column":21},"end":{"line":6,"column":58}},"6":{"start":{"line":9,"column":26},"end":{"line":9,"column":47}},"7":{"start":{"line":10,"column":2},"end":{"line":10,"column":93}},"8":{"start":{"line":14,"column":14},"end":{"line":14,"column":45}},"9":{"start":{"line":15,"column":2},"end":{"line":15,"column":76}},"10":{"start":{"line":15,"column":55},"end":{"line":15,"column":72}},"11":{"start":{"line":19,"column":14},"end":{"line":19,"column":45}},"12":{"start":{"line":20,"column":2},"end":{"line":20,"column":77}},"13":{"start":{"line":20,"column":55},"end":{"line":20,"column":73}},"14":{"start":{"line":24,"column":14},"end":{"line":24,"column":45}},"15":{"start":{"line":25,"column":2},"end":{"line":25,"column":29}},"16":{"start":{"line":25,"column":17},"end":{"line":25,"column":29}},"17":{"start":{"line":26,"column":2},"end":{"line":32,"column":4}}},"fnMap":{"0":{"name":"ModalRoot","decl":{"start":{"line":8,"column":16},"end":{"line":8,"column":25}},"loc":{"start":{"line":8,"column":69},"end":{"line":11,"column":1}}},"1":{"name":"ModalTrigger","decl":{"start":{"line":13,"column":16},"end":{"line":13,"column":28}},"loc":{"start":{"line":13,"column":75},"end":{"line":16,"column":1}}},"2":{"name":"(anonymous_3)","decl":{"start":{"line":15,"column":49},"end":{"line":15,"column":52}},"loc":{"start":{"line":15,"column":55},"end":{"line":15,"column":72}}},"3":{"name":"ModalClose","decl":{"start":{"line":18,"column":16},"end":{"line":18,"column":26}},"loc":{"start":{"line":18,"column":73},"end":{"line":21,"column":1}}},"4":{"name":"(anonymous_5)","decl":{"start":{"line":20,"column":49},"end":{"line":20,"column":52}},"loc":{"start":{"line":20,"column":55},"end":{"line":20,"column":73}}},"5":{"name":"ModalContent","decl":{"start":{"line":23,"column":16},"end":{"line":23,"column":28}},"loc":{"start":{"line":23,"column":94},"end":{"line":33,"column":1}}}},"branchMap":{"0":{"loc":{"start":{"line":25,"column":2},"end":{"line":25,"column":29}},"type":"if","locations":[{"start":{"line":25,"column":2},"end":{"line":25,"column":29}},{"start":{},"end":{}}]}},"s":{"0":1,"1":1,"2":1,"3":1,"4":1,"5":1,"6":3,"7":3,"8":3,"9":3,"10":1,"11":1,"12":1,"13":1,"14":3,"15":3,"16":2,"17":1},"f":{"0":3,"1":3,"2":1,"3":1,"4":1,"5":3},"b":{"0":[2,1]}}
,"C:\\Users\\agafn\\Desktop\\education system 5\\apps\\web\\src\\edu\\DevSandbox.tsx": {"path":"C:\\Users\\agafn\\Desktop\\education system 5\\apps\\web\\src\\edu\\DevSandbox.tsx","statementMap":{"0":{"start":{"line":5,"column":0},"end":{"line":5,"column":16}},"1":{"start":{"line":3,"column":0},"end":{"line":3,"column":26}},"2":{"start":{"line":6,"column":2},"end":{"line":10,"column":4}}},"fnMap":{"0":{"name":"DevSandbox","decl":{"start":{"line":5,"column":16},"end":{"line":5,"column":26}},"loc":{"start":{"line":5,"column":26},"end":{"line":11,"column":1}}}},"branchMap":{},"s":{"0":2,"1":2,"2":2},"f":{"0":2},"b":{}}
,"C:\\Users\\agafn\\Desktop\\education system 5\\apps\\web\\src\\edu\\components\\AppShell.tsx": {"path":"C:\\Users\\agafn\\Desktop\\education system 5\\apps\\web\\src\\edu\\components\\AppShell.tsx","statementMap":{"0":{"start":{"line":3,"column":0},"end":{"line":3,"column":26}},"1":{"start":{"line":4,"column":0},"end":{"line":4,"column":34}},"2":{"start":{"line":5,"column":0},"end":{"line":5,"column":59}},"3":{"start":{"line":7,"column":59},"end":{"line":17,"column":1}},"4":{"start":{"line":8,"column":2},"end":{"line":16,"column":4}},"5":{"start":{"line":7,"column":13},"end":{"line":7,"column":59}}},"fnMap":{"0":{"name":"(anonymous_1)","decl":{"start":{"line":7,"column":59},"end":{"line":7,"column":60}},"loc":{"start":{"line":7,"column":76},"end":{"line":17,"column":1}}}},"branchMap":{},"s":{"0":3,"1":3,"2":3,"3":3,"4":3,"5":3},"f":{"0":3},"b":{}}
,"C:\\Users\\agafn\\Desktop\\education system 5\\apps\\web\\src\\edu\\components\\Breadcrumbs.tsx": {"path":"C:\\Users\\agafn\\Desktop\\education system 5\\apps\\web\\src\\edu\\components\\Breadcrumbs.tsx","statementMap":{"0":{"start":{"line":6,"column":0},"end":{"line":6,"column":16}},"1":{"start":{"line":3,"column":0},"end":{"line":3,"column":26}},"2":{"start":{"line":4,"column":0},"end":{"line":4,"column":46}},"3":{"start":{"line":7,"column":19},"end":{"line":7,"column":38}},"4":{"start":{"line":8,"column":16},"end":{"line":8,"column":51}},"5":{"start":{"line":9,"column":16},"end":{"line":9,"column":30}},"6":{"start":{"line":11,"column":2},"end":{"line":19,"column":4}},"7":{"start":{"line":15,"column":10},"end":{"line":15,"column":22}}},"fnMap":{"0":{"name":"Breadcrumbs","decl":{"start":{"line":6,"column":16},"end":{"line":6,"column":27}},"loc":{"start":{"line":6,"column":27},"end":{"line":20,"column":1}}},"1":{"name":"(anonymous_2)","decl":{"start":{"line":14,"column":19},"end":{"line":14,"column":20}},"loc":{"start":{"line":15,"column":10},"end":{"line":15,"column":22}}}},"branchMap":{"0":{"loc":{"start":{"line":7,"column":19},"end":{"line":7,"column":38}},"type":"binary-expr","locations":[{"start":{"line":7,"column":19},"end":{"line":7,"column":32}},{"start":{"line":7,"column":36},"end":{"line":7,"column":38}}]}},"s":{"0":8,"1":8,"2":8,"3":8,"4":8,"5":8,"6":8,"7":1},"f":{"0":8,"1":1},"b":{"0":[8,7]}}
,"C:\\Users\\agafn\\Desktop\\education system 5\\apps\\web\\src\\edu\\components\\Header.tsx": {"path":"C:\\Users\\agafn\\Desktop\\education system 5\\apps\\web\\src\\edu\\components\\Header.tsx","statementMap":{"0":{"start":{"line":11,"column":0},"end":{"line":11,"column":16}},"1":{"start":{"line":3,"column":0},"end":{"line":3,"column":26}},"2":{"start":{"line":4,"column":0},"end":{"line":4,"column":44}},"3":{"start":{"line":5,"column":0},"end":{"line":5,"column":29}},"4":{"start":{"line":6,"column":0},"end":{"line":6,"column":33}},"5":{"start":{"line":7,"column":0},"end":{"line":7,"column":44}},"6":{"start":{"line":8,"column":0},"end":{"line":8,"column":46}},"7":{"start":{"line":9,"column":0},"end":{"line":9,"column":181}},"8":{"start":{"line":12,"column":2},"end":{"line":49,"column":4}}},"fnMap":{"0":{"name":"Header","decl":{"start":{"line":11,"column":16},"end":{"line":11,"column":22}},"loc":{"start":{"line":11,"column":22},"end":{"line":50,"column":1}}}},"branchMap":{},"s":{"0":8,"1":8,"2":8,"3":8,"4":8,"5":8,"6":8,"7":8,"8":8},"f":{"0":8},"b":{}}
,"C:\\Users\\agafn\\Desktop\\education system 5\\apps\\web\\src\\edu\\components\\ToastProvider.tsx": {"path":"C:\\Users\\agafn\\Desktop\\education system 5\\apps\\web\\src\\edu\\components\\ToastProvider.tsx","statementMap":{"0":{"start":{"line":8,"column":0},"end":{"line":8,"column":16}},"1":{"start":{"line":14,"column":0},"end":{"line":14,"column":16}},"2":{"start":{"line":28,"column":0},"end":{"line":28,"column":16}},"3":{"start":{"line":3,"column":0},"end":{"line":3,"column":26}},"4":{"start":{"line":6,"column":21},"end":{"line":6,"column":63}},"5":{"start":{"line":9,"column":14},"end":{"line":9,"column":44}},"6":{"start":{"line":10,"column":2},"end":{"line":10,"column":74}},"7":{"start":{"line":10,"column":12},"end":{"line":10,"column":74}},"8":{"start":{"line":11,"column":2},"end":{"line":11,"column":13}},"9":{"start":{"line":15,"column":32},"end":{"line":15,"column":67}},"10":{"start":{"line":16,"column":14},"end":{"line":16,"column":71}},"11":{"start":{"line":16,"column":45},"end":{"line":16,"column":65}},"12":{"start":{"line":17,"column":2},"end":{"line":25,"column":4}},"13":{"start":{"line":29,"column":32},"end":{"line":29,"column":53}},"14":{"start":{"line":30,"column":26},"end":{"line":30,"column":44}},"15":{"start":{"line":32,"column":14},"end":{"line":32,"column":44}},"16":{"start":{"line":33,"column":2},"end":{"line":45,"column":12}},"17":{"start":{"line":34,"column":4},"end":{"line":34,"column":21}},"18":{"start":{"line":34,"column":14},"end":{"line":34,"column":21}},"19":{"start":{"line":35,"column":21},"end":{"line":35,"column":29}},"20":{"start":{"line":36,"column":5},"end":{"line":41,"column":6}},"21":{"start":{"line":37,"column":6},"end":{"line":37,"column":19}},"22":{"start":{"line":38,"column":6},"end":{"line":38,"column":23}},"23":{"start":{"line":39,"column":6},"end":{"line":39,"column":48}},"24":{"start":{"line":39,"column":23},"end":{"line":39,"column":40}},"25":{"start":{"line":40,"column":6},"end":{"line":40,"column":20}},"26":{"start":{"line":42,"column":4},"end":{"line":44,"column":6}},"27":{"start":{"line":43,"column":7},"end":{"line":43,"column":35}},"28":{"start":{"line":46,"column":2},"end":{"line":46,"column":28}},"29":{"start":{"line":46,"column":16},"end":{"line":46,"column":28}},"30":{"start":{"line":47,"column":2},"end":{"line":51,"column":4}}},"fnMap":{"0":{"name":"useToast","decl":{"start":{"line":8,"column":16},"end":{"line":8,"column":24}},"loc":{"start":{"line":8,"column":24},"end":{"line":12,"column":1}}},"1":{"name":"ToastProvider","decl":{"start":{"line":14,"column":16},"end":{"line":14,"column":29}},"loc":{"start":{"line":14,"column":73},"end":{"line":26,"column":1}}},"2":{"name":"(anonymous_3)","decl":{"start":{"line":16,"column":38},"end":{"line":16,"column":41}},"loc":{"start":{"line":16,"column":45},"end":{"line":16,"column":65}}},"3":{"name":"ToastHost","decl":{"start":{"line":28,"column":16},"end":{"line":28,"column":25}},"loc":{"start":{"line":28,"column":25},"end":{"line":52,"column":1}}},"4":{"name":"(anonymous_5)","decl":{"start":{"line":33,"column":18},"end":{"line":33,"column":21}},"loc":{"start":{"line":33,"column":23},"end":{"line":45,"column":3}}},"5":{"name":"(anonymous_6)","decl":{"start":{"line":36,"column":24},"end":{"line":36,"column":25}},"loc":{"start":{"line":36,"column":40},"end":{"line":41,"column":5}}},"6":{"name":"(anonymous_7)","decl":{"start":{"line":39,"column":17},"end":{"line":39,"column":20}},"loc":{"start":{"line":39,"column":23},"end":{"line":39,"column":40}}},"7":{"name":"(anonymous_8)","decl":{"start":{"line":42,"column":11},"end":{"line":42,"column":14}},"loc":{"start":{"line":42,"column":16},"end":{"line":44,"column":5}}}},"branchMap":{"0":{"loc":{"start":{"line":10,"column":2},"end":{"line":10,"column":74}},"type":"if","locations":[{"start":{"line":10,"column":2},"end":{"line":10,"column":74}},{"start":{},"end":{}}]},"1":{"loc":{"start":{"line":34,"column":4},"end":{"line":34,"column":21}},"type":"if","locations":[{"start":{"line":34,"column":4},"end":{"line":34,"column":21}},{"start":{},"end":{}}]},"2":{"loc":{"start":{"line":46,"column":2},"end":{"line":46,"column":28}},"type":"if","locations":[{"start":{"line":46,"column":2},"end":{"line":46,"column":28}},{"start":{},"end":{}}]}},"s":{"0":4,"1":4,"2":4,"3":4,"4":4,"5":1,"6":1,"7":0,"8":1,"9":5,"10":5,"11":4,"12":5,"13":5,"14":5,"15":5,"16":5,"17":4,"18":0,"19":4,"20":4,"21":1,"22":1,"23":1,"24":0,"25":1,"26":4,"27":4,"28":5,"29":4,"30":1},"f":{"0":1,"1":5,"2":4,"3":5,"4":4,"5":1,"6":0,"7":4},"b":{"0":[0,1],"1":[0,4],"2":[4,1]}}
,"C:\\Users\\agafn\\Desktop\\education system 5\\apps\\web\\src\\edu\\pages\\assignments\\AssignmentsList.tsx": {"path":"C:\\Users\\agafn\\Desktop\\education system 5\\apps\\web\\src\\edu\\pages\\assignments\\AssignmentsList.tsx","statementMap":{"0":{"start":{"line":5,"column":0},"end":{"line":5,"column":16}},"1":{"start":{"line":3,"column":0},"end":{"line":3,"column":26}},"2":{"start":{"line":6,"column":20},"end":{"line":6,"column":38}},"3":{"start":{"line":7,"column":15},"end":{"line":10,"column":4}},"4":{"start":{"line":11,"column":19},"end":{"line":11,"column":84}},"5":{"start":{"line":11,"column":36},"end":{"line":11,"column":83}},"6":{"start":{"line":12,"column":2},"end":{"line":39,"column":4}},"7":{"start":{"line":20,"column":23},"end":{"line":20,"column":43}},"8":{"start":{"line":31,"column":12},"end":{"line":31,"column":null}}},"fnMap":{"0":{"name":"AssignmentsList","decl":{"start":{"line":5,"column":16},"end":{"line":5,"column":31}},"loc":{"start":{"line":5,"column":31},"end":{"line":40,"column":1}}},"1":{"name":"(anonymous_2)","decl":{"start":{"line":11,"column":31},"end":{"line":11,"column":32}},"loc":{"start":{"line":11,"column":36},"end":{"line":11,"column":83}}},"2":{"name":"(anonymous_3)","decl":{"start":{"line":20,"column":18},"end":{"line":20,"column":19}},"loc":{"start":{"line":20,"column":23},"end":{"line":20,"column":43}}},"3":{"name":"(anonymous_4)","decl":{"start":{"line":30,"column":24},"end":{"line":30,"column":25}},"loc":{"start":{"line":31,"column":12},"end":{"line":31,"column":null}}}},"branchMap":{},"s":{"0":3,"1":3,"2":4,"3":4,"4":4,"5":8,"6":4,"7":1,"8":7},"f":{"0":4,"1":8,"2":1,"3":7},"b":{}}
,"C:\\Users\\agafn\\Desktop\\education system 5\\apps\\web\\src\\edu\\pages\\audit\\AuditLogsList.tsx": {"path":"C:\\Users\\agafn\\Desktop\\education system 5\\apps\\web\\src\\edu\\pages\\audit\\AuditLogsList.tsx","statementMap":{"0":{"start":{"line":12,"column":0},"end":{"line":12,"column":16}},"1":{"start":{"line":3,"column":0},"end":{"line":3,"column":51}},"2":{"start":{"line":4,"column":0},"end":{"line":4,"column":58}},"3":{"start":{"line":13,"column":25},"end":{"line":13,"column":49}},"4":{"start":{"line":14,"column":31},"end":{"line":14,"column":45}},"5":{"start":{"line":16,"column":1},"end":{"line":36,"column":8}},"6":{"start":{"line":17,"column":18},"end":{"line":17,"column":22}},"7":{"start":{"line":19,"column":3},"end":{"line":30,"column":4}},"8":{"start":{"line":20,"column":28},"end":{"line":23,"column":15}},"9":{"start":{"line":24,"column":4},"end":{"line":24,"column":27}},"10":{"start":{"line":24,"column":20},"end":{"line":24,"column":27}},"11":{"start":{"line":25,"column":4},"end":{"line":27,"column":5}},"12":{"start":{"line":26,"column":5},"end":{"line":26,"column":33}},"13":{"start":{"line":29,"column":4},"end":{"line":29,"column":37}},"14":{"start":{"line":29,"column":19},"end":{"line":29,"column":37}},"15":{"start":{"line":32,"column":2},"end":{"line":32,"column":14}},"16":{"start":{"line":33,"column":2},"end":{"line":35,"column":4}},"17":{"start":{"line":34,"column":3},"end":{"line":34,"column":21}},"18":{"start":{"line":38,"column":1},"end":{"line":53,"column":3}},"19":{"start":{"line":46,"column":6},"end":{"line":46,"column":null}}},"fnMap":{"0":{"name":"AuditLogsList","decl":{"start":{"line":12,"column":16},"end":{"line":12,"column":29}},"loc":{"start":{"line":12,"column":29},"end":{"line":54,"column":1}}},"1":{"name":"(anonymous_10)","decl":{"start":{"line":16,"column":11},"end":{"line":16,"column":14}},"loc":{"start":{"line":16,"column":16},"end":{"line":36,"column":2}}},"2":{"name":"fetchLogs","decl":{"start":{"line":18,"column":17},"end":{"line":18,"column":26}},"loc":{"start":{"line":18,"column":26},"end":{"line":31,"column":3}}},"3":{"name":"(anonymous_12)","decl":{"start":{"line":33,"column":9},"end":{"line":33,"column":12}},"loc":{"start":{"line":33,"column":14},"end":{"line":35,"column":3}}},"4":{"name":"(anonymous_13)","decl":{"start":{"line":45,"column":15},"end":{"line":45,"column":16}},"loc":{"start":{"line":46,"column":6},"end":{"line":46,"column":null}}}},"branchMap":{"0":{"loc":{"start":{"line":24,"column":4},"end":{"line":24,"column":27}},"type":"if","locations":[{"start":{"line":24,"column":4},"end":{"line":24,"column":27}},{"start":{},"end":{}}]},"1":{"loc":{"start":{"line":25,"column":4},"end":{"line":27,"column":5}},"type":"if","locations":[{"start":{"line":25,"column":4},"end":{"line":27,"column":5}},{"start":{},"end":{}}]},"2":{"loc":{"start":{"line":25,"column":8},"end":{"line":25,"column":37}},"type":"binary-expr","locations":[{"start":{"line":25,"column":8},"end":{"line":25,"column":14}},{"start":{"line":25,"column":18},"end":{"line":25,"column":37}}]},"3":{"loc":{"start":{"line":29,"column":4},"end":{"line":29,"column":37}},"type":"if","locations":[{"start":{"line":29,"column":4},"end":{"line":29,"column":37}},{"start":{},"end":{}}]},"4":{"loc":{"start":{"line":41,"column":4},"end":{"line":50,"column":null}},"type":"cond-expr","locations":[{"start":{"line":42,"column":4},"end":{"line":42,"column":19}},{"start":{"line":44,"column":4},"end":{"line":49,"column":null}}]}},"s":{"0":1,"1":1,"2":1,"3":2,"4":2,"5":2,"6":1,"7":1,"8":1,"9":1,"10":0,"11":1,"12":1,"13":1,"14":1,"15":1,"16":1,"17":1,"18":2,"19":2},"f":{"0":2,"1":1,"2":1,"3":1,"4":2},"b":{"0":[0,1],"1":[1,0],"2":[1,1],"3":[1,0],"4":[1,1]}}
,"C:\\Users\\agafn\\Desktop\\education system 5\\apps\\web\\src\\edu\\pages\\courses\\CoursesList.tsx": {"path":"C:\\Users\\agafn\\Desktop\\education system 5\\apps\\web\\src\\edu\\pages\\courses\\CoursesList.tsx","statementMap":{"0":{"start":{"line":5,"column":0},"end":{"line":5,"column":16}},"1":{"start":{"line":3,"column":0},"end":{"line":3,"column":26}},"2":{"start":{"line":6,"column":32},"end":{"line":6,"column":68}},"3":{"start":{"line":7,"column":15},"end":{"line":13,"column":4}},"4":{"start":{"line":14,"column":26},"end":{"line":14,"column":43}},"5":{"start":{"line":15,"column":19},"end":{"line":15,"column":20}},"6":{"start":{"line":16,"column":17},"end":{"line":20,"column":15}},"7":{"start":{"line":17,"column":17},"end":{"line":17,"column":26}},"8":{"start":{"line":18,"column":4},"end":{"line":18,"column":78}},"9":{"start":{"line":18,"column":26},"end":{"line":18,"column":78}},"10":{"start":{"line":18,"column":46},"end":{"line":18,"column":76}},"11":{"start":{"line":19,"column":4},"end":{"line":19,"column":70}},"12":{"start":{"line":21,"column":20},"end":{"line":21,"column":55}},"13":{"start":{"line":22,"column":15},"end":{"line":25,"column":20}},"14":{"start":{"line":23,"column":18},"end":{"line":23,"column":33}},"15":{"start":{"line":24,"column":4},"end":{"line":24,"column":49}},"16":{"start":{"line":27,"column":2},"end":{"line":58,"column":4}},"17":{"start":{"line":35,"column":29},"end":{"line":35,"column":75}},"18":{"start":{"line":45,"column":12},"end":{"line":45,"column":null}},"19":{"start":{"line":53,"column":53},"end":{"line":53,"column":85}},"20":{"start":{"line":53,"column":66},"end":{"line":53,"column":84}},"21":{"start":{"line":55,"column":64},"end":{"line":55,"column":108}},"22":{"start":{"line":55,"column":77},"end":{"line":55,"column":107}}},"fnMap":{"0":{"name":"CoursesList","decl":{"start":{"line":5,"column":16},"end":{"line":5,"column":27}},"loc":{"start":{"line":5,"column":27},"end":{"line":59,"column":1}}},"1":{"name":"(anonymous_2)","decl":{"start":{"line":16,"column":31},"end":{"line":16,"column":34}},"loc":{"start":{"line":16,"column":36},"end":{"line":20,"column":3}}},"2":{"name":"(anonymous_3)","decl":{"start":{"line":18,"column":36},"end":{"line":18,"column":37}},"loc":{"start":{"line":18,"column":46},"end":{"line":18,"column":76}}},"3":{"name":"(anonymous_4)","decl":{"start":{"line":22,"column":29},"end":{"line":22,"column":32}},"loc":{"start":{"line":22,"column":34},"end":{"line":25,"column":3}}},"4":{"name":"(anonymous_5)","decl":{"start":{"line":35,"column":23},"end":{"line":35,"column":26}},"loc":{"start":{"line":35,"column":29},"end":{"line":35,"column":75}}},"5":{"name":"(anonymous_6)","decl":{"start":{"line":44,"column":20},"end":{"line":44,"column":21}},"loc":{"start":{"line":45,"column":12},"end":{"line":45,"column":null}}},"6":{"name":"(anonymous_7)","decl":{"start":{"line":53,"column":47},"end":{"line":53,"column":50}},"loc":{"start":{"line":53,"column":53},"end":{"line":53,"column":85}}},"7":{"name":"(anonymous_8)","decl":{"start":{"line":53,"column":61},"end":{"line":53,"column":62}},"loc":{"start":{"line":53,"column":66},"end":{"line":53,"column":84}}},"8":{"name":"(anonymous_9)","decl":{"start":{"line":55,"column":58},"end":{"line":55,"column":61}},"loc":{"start":{"line":55,"column":64},"end":{"line":55,"column":108}}},"9":{"name":"(anonymous_10)","decl":{"start":{"line":55,"column":72},"end":{"line":55,"column":73}},"loc":{"start":{"line":55,"column":77},"end":{"line":55,"column":107}}}},"branchMap":{"0":{"loc":{"start":{"line":18,"column":4},"end":{"line":18,"column":78}},"type":"if","locations":[{"start":{"line":18,"column":4},"end":{"line":18,"column":78}},{"start":{},"end":{}}]},"1":{"loc":{"start":{"line":19,"column":11},"end":{"line":19,"column":69}},"type":"cond-expr","locations":[{"start":{"line":19,"column":21},"end":{"line":19,"column":25}},{"start":{"line":19,"column":28},"end":{"line":19,"column":69}}]},"2":{"loc":{"start":{"line":19,"column":28},"end":{"line":19,"column":69}},"type":"cond-expr","locations":[{"start":{"line":19,"column":48},"end":{"line":19,"column":62}},{"start":{"line":19,"column":65},"end":{"line":19,"column":69}}]},"3":{"loc":{"start":{"line":35,"column":40},"end":{"line":35,"column":74}},"type":"cond-expr","locations":[{"start":{"line":35,"column":59},"end":{"line":35,"column":63}},{"start":{"line":35,"column":66},"end":{"line":35,"column":74}}]},"4":{"loc":{"start":{"line":36,"column":25},"end":{"line":36,"column":89}},"type":"cond-expr","locations":[{"start":{"line":36,"column":44},"end":{"line":36,"column":50}},{"start":{"line":36,"column":53},"end":{"line":36,"column":89}}]},"5":{"loc":{"start":{"line":36,"column":53},"end":{"line":36,"column":89}},"type":"cond-expr","locations":[{"start":{"line":36,"column":63},"end":{"line":36,"column":74}},{"start":{"line":36,"column":77},"end":{"line":36,"column":89}}]}},"s":{"0":5,"1":5,"2":9,"3":9,"4":9,"5":9,"6":9,"7":7,"8":7,"9":2,"10":14,"11":7,"12":9,"13":9,"14":9,"15":9,"16":9,"17":2,"18":18,"19":1,"20":1,"21":1,"22":1},"f":{"0":9,"1":7,"2":14,"3":9,"4":2,"5":18,"6":1,"7":1,"8":1,"9":1},"b":{"0":[2,5],"1":[1,6],"2":[1,5],"3":[1,1],"4":[7,2],"5":[1,1]}}
,"C:\\Users\\agafn\\Desktop\\education system 5\\apps\\web\\src\\edu\\pages\\lessons\\LessonsList.tsx": {"path":"C:\\Users\\agafn\\Desktop\\education system 5\\apps\\web\\src\\edu\\pages\\lessons\\LessonsList.tsx","statementMap":{"0":{"start":{"line":5,"column":0},"end":{"line":5,"column":16}},"1":{"start":{"line":3,"column":0},"end":{"line":3,"column":26}},"2":{"start":{"line":6,"column":2},"end":{"line":10,"column":4}}},"fnMap":{"0":{"name":"LessonsList","decl":{"start":{"line":5,"column":16},"end":{"line":5,"column":27}},"loc":{"start":{"line":5,"column":27},"end":{"line":11,"column":1}}}},"branchMap":{},"s":{"0":1,"1":1,"2":1},"f":{"0":1},"b":{}}
,"C:\\Users\\agafn\\Desktop\\education system 5\\apps\\web\\src\\lib\\utils.ts": {"path":"C:\\Users\\agafn\\Desktop\\education system 5\\apps\\web\\src\\lib\\utils.ts","statementMap":{"0":{"start":{"line":4,"column":0},"end":{"line":4,"column":16}},"1":{"start":{"line":1,"column":0},"end":{"line":1,"column":45}},"2":{"start":{"line":2,"column":0},"end":{"line":2,"column":41}},"3":{"start":{"line":5,"column":2},"end":{"line":5,"column":31}}},"fnMap":{"0":{"name":"cn","decl":{"start":{"line":4,"column":16},"end":{"line":4,"column":18}},"loc":{"start":{"line":4,"column":42},"end":{"line":6,"column":1}}}},"branchMap":{},"s":{"0":8,"1":8,"2":8,"3":13},"f":{"0":13},"b":{}}
}
