TN:
SF:apps\web\src\app\edu\layout.tsx
FN:6,Layout
FNF:1
FNH:1
FNDA:1,Layout
DA:3,1
DA:4,1
DA:6,1
DA:7,1
LF:4
LH:4
BRF:0
BRH:0
end_of_record
TN:
SF:apps\web\src\app\edu\assignments\page.tsx
FN:6,Page
FNF:1
FNH:1
FNDA:1,Page
DA:3,1
DA:4,1
DA:6,1
DA:7,1
LF:4
LH:4
BRF:0
BRH:0
end_of_record
TN:
SF:apps\web\src\app\edu\courses\page.tsx
FN:6,Page
FNF:1
FNH:1
FNDA:1,Page
DA:3,1
DA:4,1
DA:6,1
DA:7,1
LF:4
LH:4
BRF:0
BRH:0
end_of_record
TN:
SF:apps\web\src\app\edu\sandbox\page.tsx
FN:6,Page
FNF:1
FNH:1
FNDA:1,Page
DA:3,1
DA:4,1
DA:6,1
DA:7,1
LF:4
LH:4
BRF:0
BRH:0
end_of_record
TN:
SF:apps\web\src\components\ui\Badge.tsx
FN:10,Badge
FNF:1
FNH:1
FNDA:8,Badge
DA:3,8
DA:10,8
DA:16,8
DA:18,8
DA:25,8
DA:31,8
LF:6
LH:6
BRDA:11,0,0,8
BRDA:12,1,0,8
BRDA:13,2,0,0
BRF:3
BRH:2
end_of_record
TN:
SF:apps\web\src\components\ui\Button.tsx
FN:10,Button
FNF:1
FNH:1
FNDA:18,Button
DA:3,8
DA:10,8
DA:17,18
DA:20,18
DA:27,18
DA:33,18
LF:6
LH:6
BRDA:11,0,0,0
BRDA:12,1,0,0
BRDA:13,2,0,10
BRDA:20,3,0,0
BRDA:20,3,1,18
BRDA:22,4,0,10
BRDA:22,4,1,8
BRDA:27,5,0,18
BRDA:27,5,1,0
BRDA:29,6,0,0
BRDA:29,6,1,0
BRF:11
BRH:5
end_of_record
TN:
SF:apps\web\src\components\ui\dropdown-menu.tsx
FN:10,DropdownMenu
FN:19,DropdownMenuTrigger
FN:24,(anonymous_11)
FN:35,DropdownMenuContent
FN:37,(anonymous_13)
FN:38,handleClickOutside
FN:44,(anonymous_15)
FN:68,DropdownMenuItem
FN:76,(anonymous_17)
FN:88,DropdownMenuLabel
FN:100,DropdownMenuSeparator
FN:110,DropdownMenuRoot
FNF:12
FNH:11
FNDA:8,DropdownMenu
FNDA:10,DropdownMenuTrigger
FNDA:1,(anonymous_11)
FNDA:10,DropdownMenuContent
FNDA:10,(anonymous_13)
FNDA:0,handleClickOutside
FNDA:10,(anonymous_15)
FNDA:2,DropdownMenuItem
FNDA:1,(anonymous_17)
FNDA:1,DropdownMenuLabel
FNDA:1,DropdownMenuSeparator
FNDA:10,DropdownMenuRoot
DA:3,8
DA:4,8
DA:10,8
DA:11,8
DA:19,8
DA:20,10
DA:21,10
DA:22,10
DA:23,10
DA:24,1
DA:35,8
DA:36,10
DA:37,10
DA:39,0
DA:40,0
DA:43,10
DA:44,10
DA:46,10
DA:47,1
DA:68,8
DA:69,2
DA:70,2
DA:76,1
DA:88,8
DA:89,1
DA:100,8
DA:101,1
DA:109,8
DA:110,8
DA:111,10
DA:112,10
DA:113,10
LF:32
LH:30
BRDA:21,0,0,0
BRDA:21,0,1,10
BRDA:35,1,0,0
BRDA:39,2,0,0
BRDA:39,2,1,0
BRDA:39,3,0,0
BRDA:39,3,1,0
BRDA:43,4,0,1
BRDA:43,4,1,9
BRDA:46,5,0,9
BRDA:46,5,1,1
BRDA:52,6,0,1
BRDA:52,6,1,1
BRDA:53,7,0,1
BRDA:53,7,1,0
BRF:15
BRH:8
end_of_record
TN:
SF:apps\web\src\components\ui\modal.tsx
FN:8,ModalRoot
FN:13,ModalTrigger
FN:15,(anonymous_3)
FN:18,ModalClose
FN:20,(anonymous_5)
FN:23,ModalContent
FNF:6
FNH:6
FNDA:3,ModalRoot
FNDA:3,ModalTrigger
FNDA:1,(anonymous_3)
FNDA:1,ModalClose
FNDA:1,(anonymous_5)
FNDA:3,ModalContent
DA:3,1
DA:6,1
DA:8,1
DA:9,3
DA:10,3
DA:13,1
DA:14,3
DA:15,3
DA:18,1
DA:19,1
DA:20,1
DA:23,1
DA:24,3
DA:25,3
DA:26,1
LF:15
LH:15
BRDA:25,0,0,2
BRDA:25,0,1,1
BRF:2
BRH:2
end_of_record
TN:
SF:apps\web\src\edu\DevSandbox.tsx
FN:5,DevSandbox
FNF:1
FNH:1
FNDA:2,DevSandbox
DA:3,2
DA:5,2
DA:6,2
LF:3
LH:3
BRF:0
BRH:0
end_of_record
TN:
SF:apps\web\src\edu\components\AppShell.tsx
FN:7,(anonymous_1)
FNF:1
FNH:1
FNDA:3,(anonymous_1)
DA:3,3
DA:4,3
DA:5,3
DA:7,3
DA:8,3
LF:5
LH:5
BRF:0
BRH:0
end_of_record
TN:
SF:apps\web\src\edu\components\Breadcrumbs.tsx
FN:6,Breadcrumbs
FN:14,(anonymous_2)
FNF:2
FNH:2
FNDA:8,Breadcrumbs
FNDA:1,(anonymous_2)
DA:3,8
DA:4,8
DA:6,8
DA:7,8
DA:8,8
DA:9,8
DA:11,8
DA:15,1
LF:8
LH:8
BRDA:7,0,0,8
BRDA:7,0,1,7
BRF:2
BRH:2
end_of_record
TN:
SF:apps\web\src\edu\components\Header.tsx
FN:11,Header
FNF:1
FNH:1
FNDA:8,Header
DA:3,8
DA:4,8
DA:5,8
DA:6,8
DA:7,8
DA:8,8
DA:9,8
DA:11,8
DA:12,8
LF:9
LH:9
BRF:0
BRH:0
end_of_record
TN:
SF:apps\web\src\edu\components\ToastProvider.tsx
FN:8,useToast
FN:14,ToastProvider
FN:16,(anonymous_3)
FN:28,ToastHost
FN:33,(anonymous_5)
FN:36,(anonymous_6)
FN:39,(anonymous_7)
FN:42,(anonymous_8)
FNF:8
FNH:7
FNDA:1,useToast
FNDA:5,ToastProvider
FNDA:4,(anonymous_3)
FNDA:5,ToastHost
FNDA:4,(anonymous_5)
FNDA:1,(anonymous_6)
FNDA:0,(anonymous_7)
FNDA:4,(anonymous_8)
DA:3,4
DA:6,4
DA:8,4
DA:9,1
DA:10,1
DA:11,1
DA:14,4
DA:15,5
DA:16,5
DA:17,5
DA:28,4
DA:29,5
DA:30,5
DA:32,5
DA:33,5
DA:34,4
DA:35,4
DA:36,4
DA:37,1
DA:38,1
DA:39,1
DA:40,1
DA:42,4
DA:43,4
DA:46,5
DA:47,1
LF:26
LH:26
BRDA:10,0,0,0
BRDA:10,0,1,1
BRDA:34,1,0,0
BRDA:34,1,1,4
BRDA:46,2,0,4
BRDA:46,2,1,1
BRF:6
BRH:4
end_of_record
TN:
SF:apps\web\src\edu\pages\assignments\AssignmentsList.tsx
FN:5,AssignmentsList
FN:11,(anonymous_2)
FN:20,(anonymous_3)
FN:30,(anonymous_4)
FNF:4
FNH:4
FNDA:4,AssignmentsList
FNDA:8,(anonymous_2)
FNDA:1,(anonymous_3)
FNDA:7,(anonymous_4)
DA:3,3
DA:5,3
DA:6,4
DA:7,4
DA:11,8
DA:12,4
DA:20,1
DA:31,7
LF:8
LH:8
BRF:0
BRH:0
end_of_record
TN:
SF:apps\web\src\edu\pages\audit\AuditLogsList.tsx
FN:12,AuditLogsList
FN:16,(anonymous_10)
FN:18,fetchLogs
FN:33,(anonymous_12)
FN:45,(anonymous_13)
FNF:5
FNH:5
FNDA:2,AuditLogsList
FNDA:1,(anonymous_10)
FNDA:1,fetchLogs
FNDA:1,(anonymous_12)
FNDA:2,(anonymous_13)
DA:3,1
DA:4,1
DA:12,1
DA:13,2
DA:14,2
DA:16,2
DA:17,1
DA:19,1
DA:20,1
DA:24,1
DA:25,1
DA:26,1
DA:29,1
DA:32,1
DA:33,1
DA:34,1
DA:38,2
DA:46,2
LF:18
LH:18
BRDA:24,0,0,0
BRDA:24,0,1,1
BRDA:25,1,0,1
BRDA:25,1,1,0
BRDA:25,2,0,1
BRDA:25,2,1,1
BRDA:29,3,0,1
BRDA:29,3,1,0
BRDA:41,4,0,1
BRDA:41,4,1,1
BRF:10
BRH:7
end_of_record
TN:
SF:apps\web\src\edu\pages\courses\CoursesList.tsx
FN:5,CoursesList
FN:16,(anonymous_2)
FN:18,(anonymous_3)
FN:22,(anonymous_4)
FN:35,(anonymous_5)
FN:44,(anonymous_6)
FN:53,(anonymous_7)
FN:53,(anonymous_8)
FN:55,(anonymous_9)
FN:55,(anonymous_10)
FNF:10
FNH:10
FNDA:9,CoursesList
FNDA:7,(anonymous_2)
FNDA:14,(anonymous_3)
FNDA:9,(anonymous_4)
FNDA:2,(anonymous_5)
FNDA:18,(anonymous_6)
FNDA:1,(anonymous_7)
FNDA:1,(anonymous_8)
FNDA:1,(anonymous_9)
FNDA:1,(anonymous_10)
DA:3,5
DA:5,5
DA:6,9
DA:7,9
DA:14,9
DA:15,9
DA:16,9
DA:17,7
DA:18,14
DA:19,7
DA:21,9
DA:22,9
DA:23,9
DA:24,9
DA:27,9
DA:35,2
DA:45,18
DA:53,1
DA:55,1
LF:19
LH:19
BRDA:18,0,0,2
BRDA:18,0,1,5
BRDA:19,1,0,1
BRDA:19,1,1,6
BRDA:19,2,0,1
BRDA:19,2,1,5
BRDA:35,3,0,1
BRDA:35,3,1,1
BRDA:36,4,0,7
BRDA:36,4,1,2
BRDA:36,5,0,1
BRDA:36,5,1,1
BRF:12
BRH:12
end_of_record
TN:
SF:apps\web\src\edu\pages\lessons\LessonsList.tsx
FN:5,LessonsList
FNF:1
FNH:1
FNDA:1,LessonsList
DA:3,1
DA:5,1
DA:6,1
LF:3
LH:3
BRF:0
BRH:0
end_of_record
TN:
SF:apps\web\src\lib\utils.ts
FN:4,cn
FNF:1
FNH:1
FNDA:13,cn
DA:1,8
DA:2,8
DA:4,8
DA:5,13
LF:4
LH:4
BRF:0
BRH:0
end_of_record
