{"numFailedTestSuites":0,"numFailedTests":0,"numPassedTestSuites":492,"numPassedTests":912,"numPendingTestSuites":0,"numPendingTests":1,"numRuntimeErrorTestSuites":0,"numTodoTests":14,"numTotalTestSuites":492,"numTotalTests":927,"openHandles":[],"snapshot":{"added":0,"didUpdate":false,"failure":false,"filesAdded":0,"filesRemoved":0,"filesRemovedList":[],"filesUnmatched":0,"filesUpdated":0,"matched":0,"total":0,"unchecked":0,"uncheckedKeysByFile":[],"unmatched":0,"updated":0},"startTime":1755861717413,"success":true,"testResults":[{"assertionResults":[{"ancestorTitles":["admin/registry/users role guard matrix"],"duration":93,"failureDetails":[],"failureMessages":[],"fullName":"admin/registry/users role guard matrix {\n  name: 'admin/audit-logs',\n  url: 'http://localhost/api/admin/audit-logs',\n  handler: [AsyncFunction (anonymous)],\n  role: 'student'\n} as %s","invocations":1,"location":null,"numPassingAsserts":2,"retryReasons":[],"status":"passed","title":"{\n  name: 'admin/audit-logs',\n  url: 'http://localhost/api/admin/audit-logs',\n  handler: [AsyncFunction (anonymous)],\n  role: 'student'\n} as %s"},{"ancestorTitles":["admin/registry/users role guard matrix"],"duration":80,"failureDetails":[],"failureMessages":[],"fullName":"admin/registry/users role guard matrix {\n  name: 'admin/audit-logs',\n  url: 'http://localhost/api/admin/audit-logs',\n  handler: [AsyncFunction (anonymous)],\n  role: 'teacher'\n} as %s","invocations":1,"location":null,"numPassingAsserts":2,"retryReasons":[],"status":"passed","title":"{\n  name: 'admin/audit-logs',\n  url: 'http://localhost/api/admin/audit-logs',\n  handler: [AsyncFunction (anonymous)],\n  role: 'teacher'\n} as %s"},{"ancestorTitles":["admin/registry/users role guard matrix"],"duration":77,"failureDetails":[],"failureMessages":[],"fullName":"admin/registry/users role guard matrix {\n  name: 'admin/audit-logs',\n  url: 'http://localhost/api/admin/audit-logs',\n  handler: [AsyncFunction (anonymous)],\n  role: 'parent'\n} as %s","invocations":1,"location":null,"numPassingAsserts":2,"retryReasons":[],"status":"passed","title":"{\n  name: 'admin/audit-logs',\n  url: 'http://localhost/api/admin/audit-logs',\n  handler: [AsyncFunction (anonymous)],\n  role: 'parent'\n} as %s"},{"ancestorTitles":["admin/registry/users role guard matrix"],"duration":183,"failureDetails":[],"failureMessages":[],"fullName":"admin/registry/users role guard matrix {\n  name: 'admin/audit-logs',\n  url: 'http://localhost/api/admin/audit-logs',\n  handler: [AsyncFunction (anonymous)],\n  role: 'admin'\n} as %s","invocations":1,"location":null,"numPassingAsserts":2,"retryReasons":[],"status":"passed","title":"{\n  name: 'admin/audit-logs',\n  url: 'http://localhost/api/admin/audit-logs',\n  handler: [AsyncFunction (anonymous)],\n  role: 'admin'\n} as %s"},{"ancestorTitles":["admin/registry/users role guard matrix"],"duration":129,"failureDetails":[],"failureMessages":[],"fullName":"admin/registry/users role guard matrix {\n  name: 'admin/export',\n  url: 'http://localhost/api/admin/export',\n  handler: [AsyncFunction (anonymous)],\n  role: 'student'\n} as %s","invocations":1,"location":null,"numPassingAsserts":2,"retryReasons":[],"status":"passed","title":"{\n  name: 'admin/export',\n  url: 'http://localhost/api/admin/export',\n  handler: [AsyncFunction (anonymous)],\n  role: 'student'\n} as %s"},{"ancestorTitles":["admin/registry/users role guard matrix"],"duration":205,"failureDetails":[],"failureMessages":[],"fullName":"admin/registry/users role guard matrix {\n  name: 'admin/export',\n  url: 'http://localhost/api/admin/export',\n  handler: [AsyncFunction (anonymous)],\n  role: 'teacher'\n} as %s","invocations":1,"location":null,"numPassingAsserts":2,"retryReasons":[],"status":"passed","title":"{\n  name: 'admin/export',\n  url: 'http://localhost/api/admin/export',\n  handler: [AsyncFunction (anonymous)],\n  role: 'teacher'\n} as %s"},{"ancestorTitles":["admin/registry/users role guard matrix"],"duration":145,"failureDetails":[],"failureMessages":[],"fullName":"admin/registry/users role guard matrix {\n  name: 'admin/export',\n  url: 'http://localhost/api/admin/export',\n  handler: [AsyncFunction (anonymous)],\n  role: 'parent'\n} as %s","invocations":1,"location":null,"numPassingAsserts":2,"retryReasons":[],"status":"passed","title":"{\n  name: 'admin/export',\n  url: 'http://localhost/api/admin/export',\n  handler: [AsyncFunction (anonymous)],\n  role: 'parent'\n} as %s"},{"ancestorTitles":["admin/registry/users role guard matrix"],"duration":241,"failureDetails":[],"failureMessages":[],"fullName":"admin/registry/users role guard matrix {\n  name: 'admin/export',\n  url: 'http://localhost/api/admin/export',\n  handler: [AsyncFunction (anonymous)],\n  role: 'admin'\n} as %s","invocations":1,"location":null,"numPassingAsserts":2,"retryReasons":[],"status":"passed","title":"{\n  name: 'admin/export',\n  url: 'http://localhost/api/admin/export',\n  handler: [AsyncFunction (anonymous)],\n  role: 'admin'\n} as %s"},{"ancestorTitles":["admin/registry/users role guard matrix"],"duration":225,"failureDetails":[],"failureMessages":[],"fullName":"admin/registry/users role guard matrix {\n  name: 'admin/metrics',\n  url: 'http://localhost/api/admin/metrics',\n  handler: [AsyncFunction (anonymous)],\n  role: 'student'\n} as %s","invocations":1,"location":null,"numPassingAsserts":2,"retryReasons":[],"status":"passed","title":"{\n  name: 'admin/metrics',\n  url: 'http://localhost/api/admin/metrics',\n  handler: [AsyncFunction (anonymous)],\n  role: 'student'\n} as %s"},{"ancestorTitles":["admin/registry/users role guard matrix"],"duration":200,"failureDetails":[],"failureMessages":[],"fullName":"admin/registry/users role guard matrix {\n  name: 'admin/metrics',\n  url: 'http://localhost/api/admin/metrics',\n  handler: [AsyncFunction (anonymous)],\n  role: 'teacher'\n} as %s","invocations":1,"location":null,"numPassingAsserts":2,"retryReasons":[],"status":"passed","title":"{\n  name: 'admin/metrics',\n  url: 'http://localhost/api/admin/metrics',\n  handler: [AsyncFunction (anonymous)],\n  role: 'teacher'\n} as %s"},{"ancestorTitles":["admin/registry/users role guard matrix"],"duration":64,"failureDetails":[],"failureMessages":[],"fullName":"admin/registry/users role guard matrix {\n  name: 'admin/metrics',\n  url: 'http://localhost/api/admin/metrics',\n  handler: [AsyncFunction (anonymous)],\n  role: 'parent'\n} as %s","invocations":1,"location":null,"numPassingAsserts":2,"retryReasons":[],"status":"passed","title":"{\n  name: 'admin/metrics',\n  url: 'http://localhost/api/admin/metrics',\n  handler: [AsyncFunction (anonymous)],\n  role: 'parent'\n} as %s"},{"ancestorTitles":["admin/registry/users role guard matrix"],"duration":176,"failureDetails":[],"failureMessages":[],"fullName":"admin/registry/users role guard matrix {\n  name: 'admin/metrics',\n  url: 'http://localhost/api/admin/metrics',\n  handler: [AsyncFunction (anonymous)],\n  role: 'admin'\n} as %s","invocations":1,"location":null,"numPassingAsserts":2,"retryReasons":[],"status":"passed","title":"{\n  name: 'admin/metrics',\n  url: 'http://localhost/api/admin/metrics',\n  handler: [AsyncFunction (anonymous)],\n  role: 'admin'\n} as %s"},{"ancestorTitles":["admin/registry/users role guard matrix"],"duration":108,"failureDetails":[],"failureMessages":[],"fullName":"admin/registry/users role guard matrix {\n  name: 'admin/quotas',\n  url: 'http://localhost/api/admin/quotas',\n  handler: [AsyncFunction (anonymous)],\n  role: 'student'\n} as %s","invocations":1,"location":null,"numPassingAsserts":2,"retryReasons":[],"status":"passed","title":"{\n  name: 'admin/quotas',\n  url: 'http://localhost/api/admin/quotas',\n  handler: [AsyncFunction (anonymous)],\n  role: 'student'\n} as %s"},{"ancestorTitles":["admin/registry/users role guard matrix"],"duration":187,"failureDetails":[],"failureMessages":[],"fullName":"admin/registry/users role guard matrix {\n  name: 'admin/quotas',\n  url: 'http://localhost/api/admin/quotas',\n  handler: [AsyncFunction (anonymous)],\n  role: 'teacher'\n} as %s","invocations":1,"location":null,"numPassingAsserts":2,"retryReasons":[],"status":"passed","title":"{\n  name: 'admin/quotas',\n  url: 'http://localhost/api/admin/quotas',\n  handler: [AsyncFunction (anonymous)],\n  role: 'teacher'\n} as %s"},{"ancestorTitles":["admin/registry/users role guard matrix"],"duration":146,"failureDetails":[],"failureMessages":[],"fullName":"admin/registry/users role guard matrix {\n  name: 'admin/quotas',\n  url: 'http://localhost/api/admin/quotas',\n  handler: [AsyncFunction (anonymous)],\n  role: 'parent'\n} as %s","invocations":1,"location":null,"numPassingAsserts":2,"retryReasons":[],"status":"passed","title":"{\n  name: 'admin/quotas',\n  url: 'http://localhost/api/admin/quotas',\n  handler: [AsyncFunction (anonymous)],\n  role: 'parent'\n} as %s"},{"ancestorTitles":["admin/registry/users role guard matrix"],"duration":110,"failureDetails":[],"failureMessages":[],"fullName":"admin/registry/users role guard matrix {\n  name: 'admin/quotas',\n  url: 'http://localhost/api/admin/quotas',\n  handler: [AsyncFunction (anonymous)],\n  role: 'admin'\n} as %s","invocations":1,"location":null,"numPassingAsserts":2,"retryReasons":[],"status":"passed","title":"{\n  name: 'admin/quotas',\n  url: 'http://localhost/api/admin/quotas',\n  handler: [AsyncFunction (anonymous)],\n  role: 'admin'\n} as %s"},{"ancestorTitles":["admin/registry/users role guard matrix"],"duration":175,"failureDetails":[],"failureMessages":[],"fullName":"admin/registry/users role guard matrix {\n  name: 'users',\n  url: 'http://localhost/api/users',\n  handler: [AsyncFunction (anonymous)],\n  role: 'student'\n} as %s","invocations":1,"location":null,"numPassingAsserts":2,"retryReasons":[],"status":"passed","title":"{\n  name: 'users',\n  url: 'http://localhost/api/users',\n  handler: [AsyncFunction (anonymous)],\n  role: 'student'\n} as %s"},{"ancestorTitles":["admin/registry/users role guard matrix"],"duration":175,"failureDetails":[],"failureMessages":[],"fullName":"admin/registry/users role guard matrix {\n  name: 'users',\n  url: 'http://localhost/api/users',\n  handler: [AsyncFunction (anonymous)],\n  role: 'teacher'\n} as %s","invocations":1,"location":null,"numPassingAsserts":2,"retryReasons":[],"status":"passed","title":"{\n  name: 'users',\n  url: 'http://localhost/api/users',\n  handler: [AsyncFunction (anonymous)],\n  role: 'teacher'\n} as %s"},{"ancestorTitles":["admin/registry/users role guard matrix"],"duration":71,"failureDetails":[],"failureMessages":[],"fullName":"admin/registry/users role guard matrix {\n  name: 'users',\n  url: 'http://localhost/api/users',\n  handler: [AsyncFunction (anonymous)],\n  role: 'parent'\n} as %s","invocations":1,"location":null,"numPassingAsserts":2,"retryReasons":[],"status":"passed","title":"{\n  name: 'users',\n  url: 'http://localhost/api/users',\n  handler: [AsyncFunction (anonymous)],\n  role: 'parent'\n} as %s"},{"ancestorTitles":["admin/registry/users role guard matrix"],"duration":195,"failureDetails":[],"failureMessages":[],"fullName":"admin/registry/users role guard matrix {\n  name: 'users',\n  url: 'http://localhost/api/users',\n  handler: [AsyncFunction (anonymous)],\n  role: 'admin'\n} as %s","invocations":1,"location":null,"numPassingAsserts":2,"retryReasons":[],"status":"passed","title":"{\n  name: 'users',\n  url: 'http://localhost/api/users',\n  handler: [AsyncFunction (anonymous)],\n  role: 'admin'\n} as %s"},{"ancestorTitles":["admin/registry/users role guard matrix"],"duration":234,"failureDetails":[],"failureMessages":[],"fullName":"admin/registry/users role guard matrix {\n  name: 'providers/health',\n  url: 'http://localhost/api/providers/health',\n  handler: [AsyncFunction (anonymous)],\n  role: 'student'\n} as %s","invocations":1,"location":null,"numPassingAsserts":2,"retryReasons":[],"status":"passed","title":"{\n  name: 'providers/health',\n  url: 'http://localhost/api/providers/health',\n  handler: [AsyncFunction (anonymous)],\n  role: 'student'\n} as %s"},{"ancestorTitles":["admin/registry/users role guard matrix"],"duration":113,"failureDetails":[],"failureMessages":[],"fullName":"admin/registry/users role guard matrix {\n  name: 'providers/health',\n  url: 'http://localhost/api/providers/health',\n  handler: [AsyncFunction (anonymous)],\n  role: 'teacher'\n} as %s","invocations":1,"location":null,"numPassingAsserts":2,"retryReasons":[],"status":"passed","title":"{\n  name: 'providers/health',\n  url: 'http://localhost/api/providers/health',\n  handler: [AsyncFunction (anonymous)],\n  role: 'teacher'\n} as %s"},{"ancestorTitles":["admin/registry/users role guard matrix"],"duration":133,"failureDetails":[],"failureMessages":[],"fullName":"admin/registry/users role guard matrix {\n  name: 'providers/health',\n  url: 'http://localhost/api/providers/health',\n  handler: [AsyncFunction (anonymous)],\n  role: 'parent'\n} as %s","invocations":1,"location":null,"numPassingAsserts":2,"retryReasons":[],"status":"passed","title":"{\n  name: 'providers/health',\n  url: 'http://localhost/api/providers/health',\n  handler: [AsyncFunction (anonymous)],\n  role: 'parent'\n} as %s"},{"ancestorTitles":["admin/registry/users role guard matrix"],"duration":218,"failureDetails":[],"failureMessages":[],"fullName":"admin/registry/users role guard matrix {\n  name: 'providers/health',\n  url: 'http://localhost/api/providers/health',\n  handler: [AsyncFunction (anonymous)],\n  role: 'admin'\n} as %s","invocations":1,"location":null,"numPassingAsserts":2,"retryReasons":[],"status":"passed","title":"{\n  name: 'providers/health',\n  url: 'http://localhost/api/providers/health',\n  handler: [AsyncFunction (anonymous)],\n  role: 'admin'\n} as %s"},{"ancestorTitles":["admin/registry/users role guard matrix"],"duration":99,"failureDetails":[],"failureMessages":[],"fullName":"admin/registry/users role guard matrix {\n  name: 'registry/courses',\n  url: 'http://localhost/api/registry/courses',\n  handler: [AsyncFunction (anonymous)],\n  role: 'student'\n} as %s","invocations":1,"location":null,"numPassingAsserts":2,"retryReasons":[],"status":"passed","title":"{\n  name: 'registry/courses',\n  url: 'http://localhost/api/registry/courses',\n  handler: [AsyncFunction (anonymous)],\n  role: 'student'\n} as %s"},{"ancestorTitles":["admin/registry/users role guard matrix"],"duration":95,"failureDetails":[],"failureMessages":[],"fullName":"admin/registry/users role guard matrix {\n  name: 'registry/courses',\n  url: 'http://localhost/api/registry/courses',\n  handler: [AsyncFunction (anonymous)],\n  role: 'teacher'\n} as %s","invocations":1,"location":null,"numPassingAsserts":2,"retryReasons":[],"status":"passed","title":"{\n  name: 'registry/courses',\n  url: 'http://localhost/api/registry/courses',\n  handler: [AsyncFunction (anonymous)],\n  role: 'teacher'\n} as %s"},{"ancestorTitles":["admin/registry/users role guard matrix"],"duration":283,"failureDetails":[],"failureMessages":[],"fullName":"admin/registry/users role guard matrix {\n  name: 'registry/courses',\n  url: 'http://localhost/api/registry/courses',\n  handler: [AsyncFunction (anonymous)],\n  role: 'parent'\n} as %s","invocations":1,"location":null,"numPassingAsserts":2,"retryReasons":[],"status":"passed","title":"{\n  name: 'registry/courses',\n  url: 'http://localhost/api/registry/courses',\n  handler: [AsyncFunction (anonymous)],\n  role: 'parent'\n} as %s"},{"ancestorTitles":["admin/registry/users role guard matrix"],"duration":152,"failureDetails":[],"failureMessages":[],"fullName":"admin/registry/users role guard matrix {\n  name: 'registry/courses',\n  url: 'http://localhost/api/registry/courses',\n  handler: [AsyncFunction (anonymous)],\n  role: 'admin'\n} as %s","invocations":1,"location":null,"numPassingAsserts":2,"retryReasons":[],"status":"passed","title":"{\n  name: 'registry/courses',\n  url: 'http://localhost/api/registry/courses',\n  handler: [AsyncFunction (anonymous)],\n  role: 'admin'\n} as %s"}],"endTime":1755861727435,"message":"","name":"C:\\Users\\agafn\\Desktop\\education system 5\\tests\\unit\\api.role.guard.matrix.extended.spec.ts","startTime":1755861719962,"status":"passed","summary":""},{"assertionResults":[{"ancestorTitles":[],"duration":565,"failureDetails":[],"failureMessages":[],"fullName":"DarkModeToggle toggles aria-pressed and document class","invocations":1,"location":null,"numPassingAsserts":3,"retryReasons":[],"status":"passed","title":"DarkModeToggle toggles aria-pressed and document class"}],"endTime":1755861727929,"message":"","name":"C:\\Users\\agafn\\Desktop\\education system 5\\tests\\unit\\ui\\DarkModeToggle.spec.tsx","startTime":1755861723244,"status":"passed","summary":""},{"assertionResults":[{"ancestorTitles":[],"duration":767,"failureDetails":[],"failureMessages":[],"fullName":"DropdownMenu opens, item click calls handler and closes","invocations":1,"location":null,"numPassingAsserts":2,"retryReasons":[],"status":"passed","title":"DropdownMenu opens, item click calls handler and closes"}],"endTime":1755861728137,"message":"","name":"C:\\Users\\agafn\\Desktop\\education system 5\\tests\\unit\\ui\\DropdownMenu.spec.tsx","startTime":1755861723383,"status":"passed","summary":""},{"assertionResults":[{"ancestorTitles":["System Observer (labs)"],"duration":374,"failureDetails":[],"failureMessages":[],"fullName":"System Observer (labs) renders sample count and percentiles with jitter","invocations":1,"location":null,"numPassingAsserts":0,"retryReasons":[],"status":"passed","title":"renders sample count and percentiles with jitter"}],"endTime":1755861728242,"message":"","name":"C:\\Users\\agafn\\Desktop\\education system 5\\tests\\unit\\ui\\SystemObserver.spec.tsx","startTime":1755861723273,"status":"passed","summary":""},{"assertionResults":[{"ancestorTitles":["Teacher Announcements (labs)"],"duration":544,"failureDetails":[],"failureMessages":[],"fullName":"Teacher Announcements (labs) renders course count and announcement list with jitter","invocations":1,"location":null,"numPassingAsserts":0,"retryReasons":[],"status":"passed","title":"renders course count and announcement list with jitter"}],"endTime":1755861729027,"message":"","name":"C:\\Users\\agafn\\Desktop\\education system 5\\tests\\unit\\ui\\TeacherAnnouncements.spec.tsx","startTime":1755861723313,"status":"passed","summary":""},{"assertionResults":[{"ancestorTitles":[],"duration":1030,"failureDetails":[],"failureMessages":[],"fullName":"Mark all read calls API and updates list + toast","invocations":1,"location":null,"numPassingAsserts":1,"retryReasons":[],"status":"passed","title":"Mark all read calls API and updates list + toast"},{"ancestorTitles":[],"duration":200,"failureDetails":[],"failureMessages":[],"fullName":"Load more appends items","invocations":1,"location":null,"numPassingAsserts":1,"retryReasons":[],"status":"passed","title":"Load more appends items"}],"endTime":1755861729529,"message":"","name":"C:\\Users\\agafn\\Desktop\\education system 5\\tests\\unit\\ui\\NotificationsDropdownClient.spec.tsx","startTime":1755861723312,"status":"passed","summary":""},{"assertionResults":[{"ancestorTitles":[],"duration":1333,"failureDetails":[],"failureMessages":[],"fullName":"GradeRowClient saves grade via API and shows success","invocations":1,"location":null,"numPassingAsserts":1,"retryReasons":[],"status":"passed","title":"GradeRowClient saves grade via API and shows success"}],"endTime":1755861729552,"message":"","name":"C:\\Users\\agafn\\Desktop\\education system 5\\tests\\unit\\ui\\GradeRowClient.spec.tsx","startTime":1755861723250,"status":"passed","summary":""},{"assertionResults":[{"ancestorTitles":["assignments POST CSRF double-submit"],"duration":108,"failureDetails":[],"failureMessages":[],"fullName":"assignments POST CSRF double-submit 403 missing/mismatched tokens; 201 when matched","invocations":1,"location":null,"numPassingAsserts":3,"retryReasons":[],"status":"passed","title":"403 missing/mismatched tokens; 201 when matched"}],"endTime":1755861729583,"message":"","name":"C:\\Users\\agafn\\Desktop\\education system 5\\tests\\unit\\api.assignments.post.csrf.spec.ts","startTime":1755861728429,"status":"passed","summary":""},{"assertionResults":[{"ancestorTitles":["System OK Card (labs)"],"duration":190,"failureDetails":[],"failureMessages":[],"fullName":"System OK Card (labs) renders ok and ts (human) on success","invocations":1,"location":null,"numPassingAsserts":1,"retryReasons":[],"status":"passed","title":"renders ok and ts (human) on success"}],"endTime":1755861730127,"message":"","name":"C:\\Users\\agafn\\Desktop\\education system 5\\tests\\unit\\ui\\SystemOkCard.spec.tsx","startTime":1755861727980,"status":"passed","summary":""},{"assertionResults":[{"ancestorTitles":["Student Profile (labs)"],"duration":309,"failureDetails":[],"failureMessages":[],"fullName":"Student Profile (labs) renders email and role when authenticated","invocations":1,"location":null,"numPassingAsserts":2,"retryReasons":[],"status":"passed","title":"renders email and role when authenticated"}],"endTime":1755861730204,"message":"","name":"C:\\Users\\agafn\\Desktop\\education system 5\\tests\\unit\\ui\\StudentProfile.spec.tsx","startTime":1755861728284,"status":"passed","summary":""},{"assertionResults":[{"ancestorTitles":["assignments external target upsert (EXTERNAL_COURSES=1)"],"duration":15,"failureDetails":[],"failureMessages":[],"fullName":"assignments external target upsert (EXTERNAL_COURSES=1) POST upserts assignment_targets when target provided","invocations":1,"location":null,"numPassingAsserts":1,"retryReasons":[],"status":"passed","title":"POST upserts assignment_targets when target provided"},{"ancestorTitles":["assignments external target upsert (EXTERNAL_COURSES=1)"],"duration":34,"failureDetails":[],"failureMessages":[],"fullName":"assignments external target upsert (EXTERNAL_COURSES=1) PATCH upserts assignment_targets when target provided","invocations":1,"location":null,"numPassingAsserts":1,"retryReasons":[],"status":"passed","title":"PATCH upserts assignment_targets when target provided"}],"endTime":1755861730494,"message":"","name":"C:\\Users\\agafn\\Desktop\\education system 5\\tests\\unit\\api.assignments.external-target.spec.ts","startTime":1755861729600,"status":"passed","summary":""},{"assertionResults":[{"ancestorTitles":["System Throughput Profiler (labs)"],"duration":318,"failureDetails":[],"failureMessages":[],"fullName":"System Throughput Profiler (labs) renders bursts with counts and metrics under variable latency","invocations":1,"location":null,"numPassingAsserts":5,"retryReasons":[],"status":"passed","title":"renders bursts with counts and metrics under variable latency"}],"endTime":1755861730670,"message":"","name":"C:\\Users\\agafn\\Desktop\\education system 5\\tests\\unit\\ui\\SystemThroughputProfiler.spec.tsx","startTime":1755861729245,"status":"passed","summary":""},{"assertionResults":[{"ancestorTitles":["Notifications Inbox Page"],"duration":10,"failureDetails":[],"failureMessages":[],"fullName":"Notifications Inbox Page renders empty state","invocations":1,"location":null,"numPassingAsserts":1,"retryReasons":[],"status":"passed","title":"renders empty state"}],"endTime":1755861730903,"message":"","name":"C:\\Users\\agafn\\Desktop\\education system 5\\tests\\unit\\ui\\NotificationsInboxPage.spec.tsx","startTime":1755861729610,"status":"passed","summary":""},{"assertionResults":[{"ancestorTitles":["Teacher Course Insights (Advanced)"],"duration":116,"failureDetails":[],"failureMessages":[],"fullName":"Teacher Course Insights (Advanced) renders table and totals with jitter","invocations":1,"location":null,"numPassingAsserts":0,"retryReasons":[],"status":"passed","title":"renders table and totals with jitter"}],"endTime":1755861731241,"message":"","name":"C:\\Users\\agafn\\Desktop\\education system 5\\tests\\unit\\ui\\TeacherCourseInsightsAdvanced.spec.tsx","startTime":1755861729596,"status":"passed","summary":""},{"assertionResults":[{"ancestorTitles":["System Health History (labs)"],"duration":129,"failureDetails":[],"failureMessages":[],"fullName":"System Health History (labs) renders delta stats and timestamps with jitter","invocations":1,"location":null,"numPassingAsserts":0,"retryReasons":[],"status":"passed","title":"renders delta stats and timestamps with jitter"}],"endTime":1755861731302,"message":"","name":"C:\\Users\\agafn\\Desktop\\education system 5\\tests\\unit\\ui\\SystemHealthHistory.spec.tsx","startTime":1755861730180,"status":"passed","summary":""},{"assertionResults":[{"ancestorTitles":["x-total-count headers on list endpoints (smoke)"],"duration":10,"failureDetails":[],"failureMessages":[],"fullName":"x-total-count headers on list endpoints (smoke) assignments list sets x-total-count","invocations":1,"location":null,"numPassingAsserts":2,"retryReasons":[],"status":"passed","title":"assignments list sets x-total-count"},{"ancestorTitles":["x-total-count headers on list endpoints (smoke)"],"duration":6,"failureDetails":[],"failureMessages":[],"fullName":"x-total-count headers on list endpoints (smoke) submissions list sets x-total-count","invocations":1,"location":null,"numPassingAsserts":2,"retryReasons":[],"status":"passed","title":"submissions list sets x-total-count"},{"ancestorTitles":["x-total-count headers on list endpoints (smoke)"],"duration":5,"failureDetails":[],"failureMessages":[],"fullName":"x-total-count headers on list endpoints (smoke) quizzes list sets x-total-count","invocations":1,"location":null,"numPassingAsserts":2,"retryReasons":[],"status":"passed","title":"quizzes list sets x-total-count"},{"ancestorTitles":["x-total-count headers on list endpoints (smoke)"],"duration":12,"failureDetails":[],"failureMessages":[],"fullName":"x-total-count headers on list endpoints (smoke) messages threads list sets x-total-count","invocations":1,"location":null,"numPassingAsserts":2,"retryReasons":[],"status":"passed","title":"messages threads list sets x-total-count"},{"ancestorTitles":["x-total-count headers on list endpoints (smoke)"],"duration":5,"failureDetails":[],"failureMessages":[],"fullName":"x-total-count headers on list endpoints (smoke) messages list sets x-total-count","invocations":1,"location":null,"numPassingAsserts":2,"retryReasons":[],"status":"passed","title":"messages list sets x-total-count"},{"ancestorTitles":["x-total-count headers on list endpoints (smoke)"],"duration":4,"failureDetails":[],"failureMessages":[],"fullName":"x-total-count headers on list endpoints (smoke) notifications list sets x-total-count (prod path)","invocations":1,"location":null,"numPassingAsserts":1,"retryReasons":[],"status":"passed","title":"notifications list sets x-total-count (prod path)"},{"ancestorTitles":["x-total-count headers on list endpoints (smoke)"],"duration":4,"failureDetails":[],"failureMessages":[],"fullName":"x-total-count headers on list endpoints (smoke) enrollments list sets x-total-count","invocations":1,"location":null,"numPassingAsserts":2,"retryReasons":[],"status":"passed","title":"enrollments list sets x-total-count"},{"ancestorTitles":["x-total-count headers on list endpoints (smoke)"],"duration":null,"failureDetails":[],"failureMessages":[],"fullName":"x-total-count headers on list endpoints (smoke) runtime outcomes list sets x-total-count","invocations":1,"location":null,"numPassingAsserts":0,"retryReasons":[],"status":"pending","title":"runtime outcomes list sets x-total-count"}],"endTime":1755861731416,"message":"","name":"C:\\Users\\agafn\\Desktop\\education system 5\\tests\\unit\\api.pagination.headers.spec.ts","startTime":1755861730942,"status":"focused","summary":""},{"assertionResults":[{"ancestorTitles":["Parent Progress UI (labs)"],"duration":15,"failureDetails":[],"failureMessages":[],"fullName":"Parent Progress UI (labs) renders empty state when no links","invocations":1,"location":null,"numPassingAsserts":1,"retryReasons":[],"status":"passed","title":"renders empty state when no links"}],"endTime":1755861731426,"message":"","name":"C:\\Users\\agafn\\Desktop\\education system 5\\tests\\unit\\api.parent.progress.ui.spec.tsx","startTime":1755861730323,"status":"passed","summary":""},{"assertionResults":[{"ancestorTitles":["Student Study Digest (labs)"],"duration":112,"failureDetails":[],"failureMessages":[],"fullName":"Student Study Digest (labs) renders digest cards with MSW jitter","invocations":1,"location":null,"numPassingAsserts":0,"retryReasons":[],"status":"passed","title":"renders digest cards with MSW jitter"}],"endTime":1755861731802,"message":"","name":"C:\\Users\\agafn\\Desktop\\education system 5\\tests\\unit\\ui\\StudentStudyDigest.spec.tsx","startTime":1755861730553,"status":"passed","summary":""},{"assertionResults":[{"ancestorTitles":["Parent Children (labs)"],"duration":77,"failureDetails":[],"failureMessages":[],"fullName":"Parent Children (labs) renders list with one linked student","invocations":1,"location":null,"numPassingAsserts":0,"retryReasons":[],"status":"passed","title":"renders list with one linked student"}],"endTime":1755861731997,"message":"","name":"C:\\Users\\agafn\\Desktop\\education system 5\\tests\\unit\\ui\\ParentChildren.spec.tsx","startTime":1755861730693,"status":"passed","summary":""},{"assertionResults":[{"ancestorTitles":["scheduler ensureJobsStarted flags"],"duration":112,"failureDetails":[],"failureMessages":[],"fullName":"scheduler ensureJobsStarted flags no flags → no jobs scheduled","invocations":1,"location":null,"numPassingAsserts":1,"retryReasons":[],"status":"passed","title":"no flags → no jobs scheduled"},{"ancestorTitles":["scheduler ensureJobsStarted flags"],"duration":56,"failureDetails":[],"failureMessages":[],"fullName":"scheduler ensureJobsStarted flags DUE_SOON_JOB=1 schedules due-soon job","invocations":1,"location":null,"numPassingAsserts":1,"retryReasons":[],"status":"passed","title":"DUE_SOON_JOB=1 schedules due-soon job"},{"ancestorTitles":["scheduler ensureJobsStarted flags"],"duration":42,"failureDetails":[],"failureMessages":[],"fullName":"scheduler ensureJobsStarted flags PROVIDER_HEALTH_REFRESH_JOB=1 schedules provider health refresh","invocations":1,"location":null,"numPassingAsserts":1,"retryReasons":[],"status":"passed","title":"PROVIDER_HEALTH_REFRESH_JOB=1 schedules provider health refresh"},{"ancestorTitles":["scheduler ensureJobsStarted flags"],"duration":73,"failureDetails":[],"failureMessages":[],"fullName":"scheduler ensureJobsStarted flags REFRESH_PROGRESS_SUMMARY_JOB=1 schedules progress mv refresh","invocations":1,"location":null,"numPassingAsserts":1,"retryReasons":[],"status":"passed","title":"REFRESH_PROGRESS_SUMMARY_JOB=1 schedules progress mv refresh"},{"ancestorTitles":["scheduler ensureJobsStarted flags"],"duration":33,"failureDetails":[],"failureMessages":[],"fullName":"scheduler ensureJobsStarted flags QUOTA_RECONCILE_JOB=1 schedules quota reconcile","invocations":1,"location":null,"numPassingAsserts":1,"retryReasons":[],"status":"passed","title":"QUOTA_RECONCILE_JOB=1 schedules quota reconcile"},{"ancestorTitles":["scheduler ensureJobsStarted flags"],"duration":40,"failureDetails":[],"failureMessages":[],"fullName":"scheduler ensureJobsStarted flags BACKFILL_ATTACHMENT_SIZES_JOB=1 schedules backfill","invocations":1,"location":null,"numPassingAsserts":1,"retryReasons":[],"status":"passed","title":"BACKFILL_ATTACHMENT_SIZES_JOB=1 schedules backfill"}],"endTime":1755861732042,"message":"","name":"C:\\Users\\agafn\\Desktop\\education system 5\\tests\\unit\\server.scheduler.flags.spec.ts","startTime":1755861731367,"status":"passed","summary":""},{"assertionResults":[{"ancestorTitles":["System Health (labs)"],"duration":2,"failureDetails":[],"failureMessages":[],"fullName":"System Health (labs) stubs /api/health","invocations":1,"location":null,"numPassingAsserts":1,"retryReasons":[],"status":"passed","title":"stubs /api/health"}],"endTime":1755861732095,"message":"","name":"C:\\Users\\agafn\\Desktop\\education system 5\\tests\\unit\\ui\\SystemHealth.spec.tsx","startTime":1755861731356,"status":"passed","summary":""},{"assertionResults":[{"ancestorTitles":["diag errors route"],"duration":52,"failureDetails":[],"failureMessages":[],"fullName":"diag errors route rejects without admin header","invocations":1,"location":null,"numPassingAsserts":1,"retryReasons":[],"status":"passed","title":"rejects without admin header"},{"ancestorTitles":["diag errors route"],"duration":118,"failureDetails":[],"failureMessages":[],"fullName":"diag errors route returns empty list initially with admin header","invocations":1,"location":null,"numPassingAsserts":2,"retryReasons":[],"status":"passed","title":"returns empty list initially with admin header"},{"ancestorTitles":["diag errors route"],"duration":121,"failureDetails":[],"failureMessages":[],"fullName":"diag errors route supports CSV output","invocations":1,"location":null,"numPassingAsserts":2,"retryReasons":[],"status":"passed","title":"supports CSV output"},{"ancestorTitles":["diag errors route"],"duration":83,"failureDetails":[],"failureMessages":[],"fullName":"diag errors route clears via POST clear=1","invocations":1,"location":null,"numPassingAsserts":2,"retryReasons":[],"status":"passed","title":"clears via POST clear=1"},{"ancestorTitles":["diag errors route"],"duration":73,"failureDetails":[],"failureMessages":[],"fullName":"diag errors route paginates results and returns page info","invocations":1,"location":null,"numPassingAsserts":2,"retryReasons":[],"status":"passed","title":"paginates results and returns page info"}],"endTime":1755861732134,"message":"","name":"C:\\Users\\agafn\\Desktop\\education system 5\\tests\\unit\\api.diag.errors.spec.ts","startTime":1755861731502,"status":"passed","summary":""},{"assertionResults":[{"ancestorTitles":["System Percentile Trends (labs)"],"duration":162,"failureDetails":[],"failureMessages":[],"fullName":"System Percentile Trends (labs) renders windows and overall sample count under jitter","invocations":1,"location":null,"numPassingAsserts":3,"retryReasons":[],"status":"passed","title":"renders windows and overall sample count under jitter"}],"endTime":1755861732335,"message":"","name":"C:\\Users\\agafn\\Desktop\\education system 5\\tests\\unit\\ui\\SystemPercentileTrends.spec.tsx","startTime":1755861731529,"status":"passed","summary":""},{"assertionResults":[{"ancestorTitles":["ExpertFolio RLS positives (insert allowed with product and tenant)"],"duration":159,"failureDetails":[],"failureMessages":[],"fullName":"ExpertFolio RLS positives (insert allowed with product and tenant) assessment insert allowed in non-TEST db path when product/tenant satisfied","invocations":1,"location":null,"numPassingAsserts":1,"retryReasons":[],"status":"passed","title":"assessment insert allowed in non-TEST db path when product/tenant satisfied"},{"ancestorTitles":["ExpertFolio RLS positives (insert allowed with product and tenant)"],"duration":7,"failureDetails":[],"failureMessages":[],"fullName":"ExpertFolio RLS positives (insert allowed with product and tenant) evaluation insert allowed in non-TEST db path when product/tenant satisfied","invocations":1,"location":null,"numPassingAsserts":1,"retryReasons":[],"status":"passed","title":"evaluation insert allowed in non-TEST db path when product/tenant satisfied"}],"endTime":1755861732412,"message":"","name":"C:\\Users\\agafn\\Desktop\\education system 5\\tests\\unit\\db.rls.expertfolio.positive.spec.ts","startTime":1755861732156,"status":"passed","summary":""},{"assertionResults":[{"ancestorTitles":["System Role Badge (labs)"],"duration":69,"failureDetails":[],"failureMessages":[],"fullName":"System Role Badge (labs) renders role and test mode","invocations":1,"location":null,"numPassingAsserts":2,"retryReasons":[],"status":"passed","title":"renders role and test mode"}],"endTime":1755861732457,"message":"","name":"C:\\Users\\agafn\\Desktop\\education system 5\\tests\\unit\\ui\\SystemRoleBadge.spec.tsx","startTime":1755861731871,"status":"passed","summary":""},{"assertionResults":[{"ancestorTitles":["EF Uploader component"],"duration":95,"failureDetails":[],"failureMessages":[],"fullName":"EF Uploader component renders and triggers upload","invocations":1,"location":null,"numPassingAsserts":1,"retryReasons":[],"status":"passed","title":"renders and triggers upload"}],"endTime":1755861732547,"message":"","name":"C:\\Users\\agafn\\Desktop\\education system 5\\tests\\unit\\components.ef.uploader.spec.tsx","startTime":1755861732066,"status":"passed","summary":""},{"assertionResults":[{"ancestorTitles":["admin metrics Accept: text/plain"],"duration":4,"failureDetails":[],"failureMessages":[],"fullName":"admin metrics Accept: text/plain returns Prometheus text when Accept includes text/plain","invocations":1,"location":null,"numPassingAsserts":2,"retryReasons":[],"status":"passed","title":"returns Prometheus text when Accept includes text/plain"}],"endTime":1755861732701,"message":"","name":"C:\\Users\\agafn\\Desktop\\education system 5\\tests\\unit\\api.admin.metrics.accept-text.spec.ts","startTime":1755861732477,"status":"passed","summary":""},{"assertionResults":[{"ancestorTitles":[],"duration":83,"failureDetails":[],"failureMessages":[],"fullName":"fires telemetry on primary click","invocations":1,"location":null,"numPassingAsserts":1,"retryReasons":[],"status":"passed","title":"fires telemetry on primary click"}],"endTime":1755861732845,"message":"","name":"C:\\Users\\agafn\\Desktop\\education system 5\\tests\\unit\\ui\\telemetry.spec.tsx","startTime":1755861732147,"status":"passed","summary":""},{"assertionResults":[{"ancestorTitles":["runtime checkpoint scopes"],"duration":59,"failureDetails":[],"failureMessages":[],"fullName":"runtime checkpoint scopes save requires progress.write; load requires progress.read","invocations":1,"location":null,"numPassingAsserts":4,"retryReasons":[],"status":"passed","title":"save requires progress.write; load requires progress.read"}],"endTime":1755861733044,"message":"","name":"C:\\Users\\agafn\\Desktop\\education system 5\\tests\\unit\\api.runtime.checkpoint.scopes.spec.ts","startTime":1755861732720,"status":"passed","summary":""},{"assertionResults":[{"ancestorTitles":["providers create/update/delete rate-limit headers"],"duration":11,"failureDetails":[],"failureMessages":[],"fullName":"providers create/update/delete rate-limit headers POST returns 429 with standard headers when limited","invocations":1,"location":null,"numPassingAsserts":0,"retryReasons":[],"status":"passed","title":"POST returns 429 with standard headers when limited"},{"ancestorTitles":["providers create/update/delete rate-limit headers"],"duration":5,"failureDetails":[],"failureMessages":[],"fullName":"providers create/update/delete rate-limit headers PATCH returns 429 with standard headers when limited","invocations":1,"location":null,"numPassingAsserts":0,"retryReasons":[],"status":"passed","title":"PATCH returns 429 with standard headers when limited"},{"ancestorTitles":["providers create/update/delete rate-limit headers"],"duration":2,"failureDetails":[],"failureMessages":[],"fullName":"providers create/update/delete rate-limit headers DELETE returns 429 with standard headers when limited","invocations":1,"location":null,"numPassingAsserts":0,"retryReasons":[],"status":"passed","title":"DELETE returns 429 with standard headers when limited"}],"endTime":1755861733058,"message":"","name":"C:\\Users\\agafn\\Desktop\\education system 5\\tests\\unit\\api.providers.ratelimit.spec.ts","startTime":1755861732739,"status":"passed","summary":""},{"assertionResults":[{"ancestorTitles":["System Diagnostics Suite (labs)"],"duration":219,"failureDetails":[],"failureMessages":[],"fullName":"System Diagnostics Suite (labs) renders batch cards and overall stats under jitter","invocations":1,"location":null,"numPassingAsserts":0,"retryReasons":[],"status":"passed","title":"renders batch cards and overall stats under jitter"}],"endTime":1755861733127,"message":"","name":"C:\\Users\\agafn\\Desktop\\education system 5\\tests\\unit\\ui\\SystemDiagnosticsSuite.spec.tsx","startTime":1755861732086,"status":"passed","summary":""},{"assertionResults":[{"ancestorTitles":["System Auth Check (labs)"],"duration":81,"failureDetails":[],"failureMessages":[],"fullName":"System Auth Check (labs) renders email and role when authenticated","invocations":1,"location":null,"numPassingAsserts":2,"retryReasons":[],"status":"passed","title":"renders email and role when authenticated"}],"endTime":1755861733202,"message":"","name":"C:\\Users\\agafn\\Desktop\\education system 5\\tests\\unit\\ui\\SystemAuthCheck.spec.tsx","startTime":1755861732358,"status":"passed","summary":""},{"assertionResults":[{"ancestorTitles":["System Latency Sampler (labs)"],"duration":48,"failureDetails":[],"failureMessages":[],"fullName":"System Latency Sampler (labs) renders min/avg/max and sample count under jitter","invocations":1,"location":null,"numPassingAsserts":0,"retryReasons":[],"status":"passed","title":"renders min/avg/max and sample count under jitter"}],"endTime":1755861733317,"message":"","name":"C:\\Users\\agafn\\Desktop\\education system 5\\tests\\unit\\ui\\SystemLatencySampler.spec.tsx","startTime":1755861732453,"status":"passed","summary":""},{"assertionResults":[{"ancestorTitles":["Student Learning Overview (detailed)"],"duration":100,"failureDetails":[],"failureMessages":[],"fullName":"Student Learning Overview (detailed) renders cards and counts with jitter","invocations":1,"location":null,"numPassingAsserts":0,"retryReasons":[],"status":"passed","title":"renders cards and counts with jitter"}],"endTime":1755861733350,"message":"","name":"C:\\Users\\agafn\\Desktop\\education system 5\\tests\\unit\\ui\\StudentLearningOverviewDetailed.spec.tsx","startTime":1755861731386,"status":"passed","summary":""},{"assertionResults":[{"ancestorTitles":["runtime auth exchange"],"duration":4,"failureDetails":[],"failureMessages":[],"fullName":"runtime auth exchange invalid token → 403","invocations":1,"location":null,"numPassingAsserts":1,"retryReasons":[],"status":"passed","title":"invalid token → 403"},{"ancestorTitles":["runtime auth exchange"],"duration":34,"failureDetails":[],"failureMessages":[],"fullName":"runtime auth exchange audience mismatch when origin allowed → 403","invocations":1,"location":null,"numPassingAsserts":1,"retryReasons":[],"status":"passed","title":"audience mismatch when origin allowed → 403"},{"ancestorTitles":["runtime auth exchange"],"duration":6,"failureDetails":[],"failureMessages":[],"fullName":"runtime auth exchange valid dev token and matching origin → 200 returns runtimeToken","invocations":1,"location":null,"numPassingAsserts":3,"retryReasons":[],"status":"passed","title":"valid dev token and matching origin → 200 returns runtimeToken"}],"endTime":1755861733509,"message":"","name":"C:\\Users\\agafn\\Desktop\\education system 5\\tests\\unit\\api.runtime.auth.exchange.spec.ts","startTime":1755861733137,"status":"passed","summary":""},{"assertionResults":[{"ancestorTitles":["Parent Children Report (labs)"],"duration":36,"failureDetails":[],"failureMessages":[],"fullName":"Parent Children Report (labs) renders total and items","invocations":1,"location":null,"numPassingAsserts":1,"retryReasons":[],"status":"passed","title":"renders total and items"}],"endTime":1755861733544,"message":"","name":"C:\\Users\\agafn\\Desktop\\education system 5\\tests\\unit\\ui\\ParentChildrenReport.spec.tsx","startTime":1755861732866,"status":"passed","summary":""},{"assertionResults":[{"ancestorTitles":["Student Upcoming Lessons (labs)"],"duration":2,"failureDetails":[],"failureMessages":[],"fullName":"Student Upcoming Lessons (labs) stubs enrollments and lessons endpoints","invocations":1,"location":null,"numPassingAsserts":1,"retryReasons":[],"status":"passed","title":"stubs enrollments and lessons endpoints"}],"endTime":1755861733564,"message":"","name":"C:\\Users\\agafn\\Desktop\\education system 5\\tests\\unit\\ui\\StudentUpcomingLessons.spec.tsx","startTime":1755861733151,"status":"passed","summary":""},{"assertionResults":[{"ancestorTitles":["API /api/files/resolve"],"duration":7,"failureDetails":[],"failureMessages":[],"fullName":"API /api/files/resolve unauth → 401 with x-request-id","invocations":1,"location":null,"numPassingAsserts":2,"retryReasons":[],"status":"passed","title":"unauth → 401 with x-request-id"},{"ancestorTitles":["API /api/files/resolve"],"duration":2,"failureDetails":[],"failureMessages":[],"fullName":"API /api/files/resolve invalid payload → 400 Problem","invocations":1,"location":null,"numPassingAsserts":1,"retryReasons":[],"status":"passed","title":"invalid payload → 400 Problem"},{"ancestorTitles":["API /api/files/resolve"],"duration":3,"failureDetails":[],"failureMessages":[],"fullName":"API /api/files/resolve test-mode: returns mapping for keys with signed download-url","invocations":1,"location":null,"numPassingAsserts":6,"retryReasons":[],"status":"passed","title":"test-mode: returns mapping for keys with signed download-url"}],"endTime":1755861733589,"message":"","name":"C:\\Users\\agafn\\Desktop\\education system 5\\tests\\unit\\api.files.resolve.spec.ts","startTime":1755861733396,"status":"passed","summary":""},{"assertionResults":[{"ancestorTitles":["GET /api/dashboard"],"duration":26,"failureDetails":[],"failureMessages":[],"fullName":"GET /api/dashboard unauthenticated returns 401 with request-id header","invocations":1,"location":null,"numPassingAsserts":2,"retryReasons":[],"status":"passed","title":"unauthenticated returns 401 with request-id header"},{"ancestorTitles":["GET /api/dashboard"],"duration":50,"failureDetails":[],"failureMessages":[],"fullName":"GET /api/dashboard teacher returns 200","invocations":1,"location":null,"numPassingAsserts":1,"retryReasons":[],"status":"passed","title":"teacher returns 200"}],"endTime":1755861733918,"message":"","name":"C:\\Users\\agafn\\Desktop\\education system 5\\tests\\unit\\api.dashboard.spec.ts","startTime":1755861733252,"status":"passed","summary":""},{"assertionResults":[{"ancestorTitles":["registry versions DTO + headers"],"duration":7,"failureDetails":[],"failureMessages":[],"fullName":"registry versions DTO + headers GET /api/registry/versions returns x-request-id and optionally x-total-count","invocations":1,"location":null,"numPassingAsserts":2,"retryReasons":[],"status":"passed","title":"GET /api/registry/versions returns x-request-id and optionally x-total-count"}],"endTime":1755861734114,"message":"","name":"C:\\Users\\agafn\\Desktop\\education system 5\\tests\\unit\\api.registry.versions.dto.spec.ts","startTime":1755861733573,"status":"passed","summary":""},{"assertionResults":[{"ancestorTitles":["Student Learning Overview (advanced)"],"duration":115,"failureDetails":[],"failureMessages":[],"fullName":"Student Learning Overview (advanced) renders cards and counts with jitter","invocations":1,"location":null,"numPassingAsserts":0,"retryReasons":[],"status":"passed","title":"renders cards and counts with jitter"}],"endTime":1755861734132,"message":"","name":"C:\\Users\\agafn\\Desktop\\education system 5\\tests\\unit\\ui\\StudentLearningOverviewAdvanced.spec.tsx","startTime":1755861733339,"status":"passed","summary":""},{"assertionResults":[{"ancestorTitles":["System Uptime Tile (labs)"],"duration":56,"failureDetails":[],"failureMessages":[],"fullName":"System Uptime Tile (labs) renders ok and ts fields under jitter","invocations":1,"location":null,"numPassingAsserts":0,"retryReasons":[],"status":"passed","title":"renders ok and ts fields under jitter"}],"endTime":1755861734168,"message":"","name":"C:\\Users\\agafn\\Desktop\\education system 5\\tests\\unit\\ui\\SystemUptimeTile.spec.tsx","startTime":1755861733127,"status":"passed","summary":""},{"assertionResults":[{"ancestorTitles":["runtime outcomes JWKS/JWT rotation and alg/aud/iss enforcement"],"duration":12,"failureDetails":[],"failureMessages":[],"fullName":"runtime outcomes JWKS/JWT rotation and alg/aud/iss enforcement rejects non-RS256 tokens","invocations":1,"location":null,"numPassingAsserts":1,"retryReasons":[],"status":"passed","title":"rejects non-RS256 tokens"}],"endTime":1755861734204,"message":"","name":"C:\\Users\\agafn\\Desktop\\education system 5\\tests\\unit\\api.runtime.outcomes.alg-kid-iss-aud.spec.ts","startTime":1755861733631,"status":"passed","summary":""},{"assertionResults":[{"ancestorTitles":["courses transfer-owner rate-limit headers"],"duration":5,"failureDetails":[],"failureMessages":[],"fullName":"courses transfer-owner rate-limit headers returns 429 with standard headers when limited","invocations":1,"location":null,"numPassingAsserts":0,"retryReasons":[],"status":"passed","title":"returns 429 with standard headers when limited"}],"endTime":1755861734216,"message":"","name":"C:\\Users\\agafn\\Desktop\\education system 5\\tests\\unit\\api.courses.transfer-owner.ratelimit.spec.ts","startTime":1755861733930,"status":"passed","summary":""},{"assertionResults":[{"ancestorTitles":["API /api/courses"],"duration":76,"failureDetails":[],"failureMessages":[],"fullName":"API /api/courses GET unauthorized returns 401 Problem with x-request-id","invocations":1,"location":null,"numPassingAsserts":3,"retryReasons":[],"status":"passed","title":"GET unauthorized returns 401 Problem with x-request-id"},{"ancestorTitles":["API /api/courses"],"duration":10,"failureDetails":[],"failureMessages":[],"fullName":"API /api/courses POST requires teacher role: non-teacher gets 403","invocations":1,"location":null,"numPassingAsserts":2,"retryReasons":[],"status":"passed","title":"POST requires teacher role: non-teacher gets 403"},{"ancestorTitles":["API /api/courses"],"duration":11,"failureDetails":[],"failureMessages":[],"fullName":"API /api/courses GET echoes upstream x-request-id","invocations":1,"location":null,"numPassingAsserts":1,"retryReasons":[],"status":"passed","title":"GET echoes upstream x-request-id"}],"endTime":1755861734264,"message":"","name":"C:\\Users\\agafn\\Desktop\\education system 5\\tests\\unit\\api.courses.spec.ts","startTime":1755861733589,"status":"passed","summary":""},{"assertionResults":[{"ancestorTitles":["Assignments CRUD API"],"duration":5,"failureDetails":[],"failureMessages":[],"fullName":"Assignments CRUD API POST 201 for teacher; 403 student; 401 unauth","invocations":1,"location":null,"numPassingAsserts":3,"retryReasons":[],"status":"passed","title":"POST 201 for teacher; 403 student; 401 unauth"},{"ancestorTitles":["Assignments CRUD API"],"duration":1,"failureDetails":[],"failureMessages":[],"fullName":"Assignments CRUD API PATCH validation and role","invocations":1,"location":null,"numPassingAsserts":2,"retryReasons":[],"status":"passed","title":"PATCH validation and role"},{"ancestorTitles":["Assignments CRUD API"],"duration":4,"failureDetails":[],"failureMessages":[],"fullName":"Assignments CRUD API DELETE role checks","invocations":1,"location":null,"numPassingAsserts":2,"retryReasons":[],"status":"passed","title":"DELETE role checks"}],"endTime":1755861735730,"message":"","name":"C:\\Users\\agafn\\Desktop\\education system 5\\tests\\unit\\api.assignments.crud.spec.ts","startTime":1755861734220,"status":"passed","summary":""},{"assertionResults":[{"ancestorTitles":["problem envelope invariants across codes"],"duration":5,"failureDetails":[],"failureMessages":[],"fullName":"problem envelope invariants across codes unauthenticated → 401 with error and x-request-id","invocations":1,"location":null,"numPassingAsserts":3,"retryReasons":[],"status":"passed","title":"unauthenticated → 401 with error and x-request-id"},{"ancestorTitles":["problem envelope invariants across codes"],"duration":9,"failureDetails":[],"failureMessages":[],"fullName":"problem envelope invariants across codes health is 200 with x-request-id","invocations":1,"location":null,"numPassingAsserts":2,"retryReasons":[],"status":"passed","title":"health is 200 with x-request-id"}],"endTime":1755861735792,"message":"","name":"C:\\Users\\agafn\\Desktop\\education system 5\\tests\\unit\\api.problem.envelope.codes.spec.ts","startTime":1755861734125,"status":"passed","summary":""},{"assertionResults":[{"ancestorTitles":["dashboard schemas"],"duration":3,"failureDetails":[],"failureMessages":[],"fullName":"dashboard schemas student continueLearning supports nextLessonId","invocations":1,"location":null,"numPassingAsserts":1,"retryReasons":[],"status":"passed","title":"student continueLearning supports nextLessonId"},{"ancestorTitles":["dashboard schemas"],"duration":0,"failureDetails":[],"failureMessages":[],"fullName":"dashboard schemas teacher/admin KPIs required shape","invocations":1,"location":null,"numPassingAsserts":1,"retryReasons":[],"status":"passed","title":"teacher/admin KPIs required shape"},{"ancestorTitles":["dashboard schemas"],"duration":4,"failureDetails":[],"failureMessages":[],"fullName":"dashboard schemas dashboardResponse discriminated union guards by role","invocations":1,"location":null,"numPassingAsserts":2,"retryReasons":[],"status":"passed","title":"dashboardResponse discriminated union guards by role"}],"endTime":1755861735917,"message":"","name":"C:\\Users\\agafn\\Desktop\\education system 5\\tests\\unit\\schemas.dashboard.spec.ts","startTime":1755861735744,"status":"passed","summary":""},{"assertionResults":[{"ancestorTitles":["Admin Reports (dashboard)"],"duration":55,"failureDetails":[],"failureMessages":[],"fullName":"Admin Reports (dashboard) renders reports tiles","invocations":1,"location":null,"numPassingAsserts":0,"retryReasons":[],"status":"passed","title":"renders reports tiles"}],"endTime":1755861735953,"message":"","name":"C:\\Users\\agafn\\Desktop\\education system 5\\tests\\unit\\ui\\AdminReports.spec.tsx","startTime":1755861733538,"status":"passed","summary":""},{"assertionResults":[{"ancestorTitles":["EF Read API routes (DTO-validated)"],"duration":99,"failureDetails":[],"failureMessages":[],"fullName":"EF Read API routes (DTO-validated) POST /api/ef/read/trainee returns DTO-validated payload","invocations":1,"location":null,"numPassingAsserts":3,"retryReasons":[],"status":"passed","title":"POST /api/ef/read/trainee returns DTO-validated payload"},{"ancestorTitles":["EF Read API routes (DTO-validated)"],"duration":100,"failureDetails":[],"failureMessages":[],"fullName":"EF Read API routes (DTO-validated) POST /api/ef/read/supervisor returns DTO-validated payload","invocations":1,"location":null,"numPassingAsserts":3,"retryReasons":[],"status":"passed","title":"POST /api/ef/read/supervisor returns DTO-validated payload"},{"ancestorTitles":["EF Read API routes (DTO-validated)"],"duration":56,"failureDetails":[],"failureMessages":[],"fullName":"EF Read API routes (DTO-validated) POST /api/ef/read/program returns DTO-validated payload","invocations":1,"location":null,"numPassingAsserts":3,"retryReasons":[],"status":"passed","title":"POST /api/ef/read/program returns DTO-validated payload"}],"endTime":1755861735971,"message":"","name":"C:\\Users\\agafn\\Desktop\\education system 5\\tests\\unit\\api.ef.read.routes.spec.ts","startTime":1755861734286,"status":"passed","summary":""},{"assertionResults":[{"ancestorTitles":["courses transfer-owner auth and rate limit"],"duration":6,"failureDetails":[],"failureMessages":[],"fullName":"courses transfer-owner auth and rate limit unauthenticated -> 401","invocations":1,"location":null,"numPassingAsserts":1,"retryReasons":[],"status":"passed","title":"unauthenticated -> 401"},{"ancestorTitles":["courses transfer-owner auth and rate limit"],"duration":1,"failureDetails":[],"failureMessages":[],"fullName":"courses transfer-owner auth and rate limit student -> 403","invocations":1,"location":null,"numPassingAsserts":1,"retryReasons":[],"status":"passed","title":"student -> 403"},{"ancestorTitles":["courses transfer-owner auth and rate limit"],"duration":6,"failureDetails":[],"failureMessages":[],"fullName":"courses transfer-owner auth and rate limit rate limit includes standard headers when exceeded","invocations":1,"location":null,"numPassingAsserts":1,"retryReasons":[],"status":"passed","title":"rate limit includes standard headers when exceeded"}],"endTime":1755861736124,"message":"","name":"C:\\Users\\agafn\\Desktop\\education system 5\\tests\\unit\\api.courses.transfer-owner.auth.spec.ts","startTime":1755861735973,"status":"passed","summary":""},{"assertionResults":[{"ancestorTitles":["Runtime endpoints set Vary: Origin"],"duration":94,"failureDetails":[],"failureMessages":[],"fullName":"Runtime endpoints set Vary: Origin progress preflight","invocations":1,"location":null,"numPassingAsserts":1,"retryReasons":[],"status":"passed","title":"progress preflight"}],"endTime":1755861736154,"message":"","name":"C:\\Users\\agafn\\Desktop\\education system 5\\tests\\unit\\runtime.headers.vary.origin.spec.ts","startTime":1755861735981,"status":"passed","summary":""},{"assertionResults":[{"ancestorTitles":["common headers (x-request-id, content-type) on GETs"],"duration":3,"failureDetails":[],"failureMessages":[],"fullName":"common headers (x-request-id, content-type) on GETs {\n  name: 'courses',\n  url: 'http://localhost/api/courses',\n  handler: [AsyncFunction (anonymous)]\n} responds with x-request-id","invocations":1,"location":null,"numPassingAsserts":3,"retryReasons":[],"status":"passed","title":"{\n  name: 'courses',\n  url: 'http://localhost/api/courses',\n  handler: [AsyncFunction (anonymous)]\n} responds with x-request-id"},{"ancestorTitles":["common headers (x-request-id, content-type) on GETs"],"duration":1,"failureDetails":[],"failureMessages":[],"fullName":"common headers (x-request-id, content-type) on GETs {\n  name: 'lessons',\n  url: 'http://localhost/api/lessons',\n  handler: [AsyncFunction: GET]\n} responds with x-request-id","invocations":1,"location":null,"numPassingAsserts":3,"retryReasons":[],"status":"passed","title":"{\n  name: 'lessons',\n  url: 'http://localhost/api/lessons',\n  handler: [AsyncFunction: GET]\n} responds with x-request-id"},{"ancestorTitles":["common headers (x-request-id, content-type) on GETs"],"duration":1,"failureDetails":[],"failureMessages":[],"fullName":"common headers (x-request-id, content-type) on GETs {\n  name: 'modules',\n  url: 'http://localhost/api/modules',\n  handler: [AsyncFunction (anonymous)]\n} responds with x-request-id","invocations":1,"location":null,"numPassingAsserts":3,"retryReasons":[],"status":"passed","title":"{\n  name: 'modules',\n  url: 'http://localhost/api/modules',\n  handler: [AsyncFunction (anonymous)]\n} responds with x-request-id"},{"ancestorTitles":["common headers (x-request-id, content-type) on GETs"],"duration":2,"failureDetails":[],"failureMessages":[],"fullName":"common headers (x-request-id, content-type) on GETs {\n  name: 'assignments',\n  url: 'http://localhost/api/assignments?course_id=00000000-0000-0000-0000-000000000001',\n  handler: [AsyncFunction (anonymous)]\n} responds with x-request-id","invocations":1,"location":null,"numPassingAsserts":3,"retryReasons":[],"status":"passed","title":"{\n  name: 'assignments',\n  url: 'http://localhost/api/assignments?course_id=00000000-0000-0000-0000-000000000001',\n  handler: [AsyncFunction (anonymous)]\n} responds with x-request-id"},{"ancestorTitles":["common headers (x-request-id, content-type) on GETs"],"duration":2,"failureDetails":[],"failureMessages":[],"fullName":"common headers (x-request-id, content-type) on GETs {\n  name: 'quizzes',\n  url: 'http://localhost/api/quizzes?course_id=00000000-0000-0000-0000-000000000001',\n  handler: [AsyncFunction (anonymous)]\n} responds with x-request-id","invocations":1,"location":null,"numPassingAsserts":3,"retryReasons":[],"status":"passed","title":"{\n  name: 'quizzes',\n  url: 'http://localhost/api/quizzes?course_id=00000000-0000-0000-0000-000000000001',\n  handler: [AsyncFunction (anonymous)]\n} responds with x-request-id"},{"ancestorTitles":["common headers (x-request-id, content-type) on GETs"],"duration":2,"failureDetails":[],"failureMessages":[],"fullName":"common headers (x-request-id, content-type) on GETs {\n  name: 'quiz-questions',\n  url: 'http://localhost/api/quiz-questions?quiz_id=00000000-0000-0000-0000-000000000001',\n  handler: [AsyncFunction (anonymous)]\n} responds with x-request-id","invocations":1,"location":null,"numPassingAsserts":3,"retryReasons":[],"status":"passed","title":"{\n  name: 'quiz-questions',\n  url: 'http://localhost/api/quiz-questions?quiz_id=00000000-0000-0000-0000-000000000001',\n  handler: [AsyncFunction (anonymous)]\n} responds with x-request-id"},{"ancestorTitles":["common headers (x-request-id, content-type) on GETs"],"duration":4,"failureDetails":[],"failureMessages":[],"fullName":"common headers (x-request-id, content-type) on GETs {\n  name: 'threads',\n  url: 'http://localhost/api/messages/threads',\n  handler: [AsyncFunction (anonymous)]\n} responds with x-request-id","invocations":1,"location":null,"numPassingAsserts":3,"retryReasons":[],"status":"passed","title":"{\n  name: 'threads',\n  url: 'http://localhost/api/messages/threads',\n  handler: [AsyncFunction (anonymous)]\n} responds with x-request-id"},{"ancestorTitles":["common headers (x-request-id, content-type) on GETs"],"duration":3,"failureDetails":[],"failureMessages":[],"fullName":"common headers (x-request-id, content-type) on GETs {\n  name: 'dashboard',\n  url: 'http://localhost/api/dashboard',\n  handler: [AsyncFunction (anonymous)]\n} responds with x-request-id","invocations":1,"location":null,"numPassingAsserts":3,"retryReasons":[],"status":"passed","title":"{\n  name: 'dashboard',\n  url: 'http://localhost/api/dashboard',\n  handler: [AsyncFunction (anonymous)]\n} responds with x-request-id"},{"ancestorTitles":["common headers (x-request-id, content-type) on GETs"],"duration":3,"failureDetails":[],"failureMessages":[],"fullName":"common headers (x-request-id, content-type) on GETs {\n  name: 'notifications',\n  url: 'http://localhost/api/notifications',\n  handler: [AsyncFunction (anonymous)]\n} responds with x-request-id","invocations":1,"location":null,"numPassingAsserts":3,"retryReasons":[],"status":"passed","title":"{\n  name: 'notifications',\n  url: 'http://localhost/api/notifications',\n  handler: [AsyncFunction (anonymous)]\n} responds with x-request-id"},{"ancestorTitles":["common headers (x-request-id, content-type) on GETs"],"duration":2,"failureDetails":[],"failureMessages":[],"fullName":"common headers (x-request-id, content-type) on GETs {\n  name: 'providers/health',\n  url: 'http://localhost/api/providers/health',\n  handler: [AsyncFunction (anonymous)]\n} responds with x-request-id","invocations":1,"location":null,"numPassingAsserts":3,"retryReasons":[],"status":"passed","title":"{\n  name: 'providers/health',\n  url: 'http://localhost/api/providers/health',\n  handler: [AsyncFunction (anonymous)]\n} responds with x-request-id"}],"endTime":1755861736171,"message":"","name":"C:\\Users\\agafn\\Desktop\\education system 5\\tests\\unit\\api.headers.common.matrix.spec.ts","startTime":1755861734223,"status":"passed","summary":""},{"assertionResults":[{"ancestorTitles":["runtime events rate-limit headers"],"duration":94,"failureDetails":[],"failureMessages":[],"fullName":"runtime events rate-limit headers returns 429 with standard headers on rate limit","invocations":1,"location":null,"numPassingAsserts":4,"retryReasons":[],"status":"passed","title":"returns 429 with standard headers on rate limit"}],"endTime":1755861736181,"message":"","name":"C:\\Users\\agafn\\Desktop\\education system 5\\tests\\unit\\api.runtime.events.ratelimit.spec.ts","startTime":1755861735802,"status":"passed","summary":""},{"assertionResults":[{"ancestorTitles":["listing endpoints include x-total-count when 200"],"duration":7,"failureDetails":[],"failureMessages":[],"fullName":"listing endpoints include x-total-count when 200 assignments","invocations":1,"location":null,"numPassingAsserts":2,"retryReasons":[],"status":"passed","title":"assignments"},{"ancestorTitles":["listing endpoints include x-total-count when 200"],"duration":1,"failureDetails":[],"failureMessages":[],"fullName":"listing endpoints include x-total-count when 200 submissions","invocations":1,"location":null,"numPassingAsserts":1,"retryReasons":[],"status":"passed","title":"submissions"},{"ancestorTitles":["listing endpoints include x-total-count when 200"],"duration":2,"failureDetails":[],"failureMessages":[],"fullName":"listing endpoints include x-total-count when 200 messages","invocations":1,"location":null,"numPassingAsserts":2,"retryReasons":[],"status":"passed","title":"messages"},{"ancestorTitles":["listing endpoints include x-total-count when 200"],"duration":2,"failureDetails":[],"failureMessages":[],"fullName":"listing endpoints include x-total-count when 200 threads","invocations":1,"location":null,"numPassingAsserts":2,"retryReasons":[],"status":"passed","title":"threads"},{"ancestorTitles":["listing endpoints include x-total-count when 200"],"duration":3,"failureDetails":[],"failureMessages":[],"fullName":"listing endpoints include x-total-count when 200 quizzes","invocations":1,"location":null,"numPassingAsserts":2,"retryReasons":[],"status":"passed","title":"quizzes"}],"endTime":1755861736211,"message":"","name":"C:\\Users\\agafn\\Desktop\\education system 5\\tests\\unit\\api.listing.headers.matrix.spec.ts","startTime":1755861735949,"status":"passed","summary":""},{"assertionResults":[{"ancestorTitles":["files finalize updates quotas when enabled"],"duration":2,"failureDetails":[],"failureMessages":[],"fullName":"files finalize updates quotas when enabled increases used_bytes by delta for user/submission owners","invocations":1,"location":null,"numPassingAsserts":1,"retryReasons":[],"status":"passed","title":"increases used_bytes by delta for user/submission owners"}],"endTime":1755861736327,"message":"","name":"C:\\Users\\agafn\\Desktop\\education system 5\\tests\\unit\\api.files.quota.enforcement.spec.ts","startTime":1755861736140,"status":"passed","summary":""},{"assertionResults":[{"ancestorTitles":["assignment schemas"],"duration":5,"failureDetails":[],"failureMessages":[],"fullName":"assignment schemas assignmentCreateRequest valid","invocations":1,"location":null,"numPassingAsserts":1,"retryReasons":[],"status":"passed","title":"assignmentCreateRequest valid"},{"ancestorTitles":["assignment schemas"],"duration":60,"failureDetails":[],"failureMessages":[],"fullName":"assignment schemas assignmentUpdateRequest requires at least one field","invocations":1,"location":null,"numPassingAsserts":2,"retryReasons":[],"status":"passed","title":"assignmentUpdateRequest requires at least one field"},{"ancestorTitles":["assignment schemas"],"duration":1,"failureDetails":[],"failureMessages":[],"fullName":"assignment schemas assignment schema shape","invocations":1,"location":null,"numPassingAsserts":1,"retryReasons":[],"status":"passed","title":"assignment schema shape"}],"endTime":1755861736375,"message":"","name":"C:\\Users\\agafn\\Desktop\\education system 5\\tests\\unit\\schemas.assignment.spec.ts","startTime":1755861736168,"status":"passed","summary":""},{"assertionResults":[{"ancestorTitles":["messages POST rate limit headers"],"duration":3,"failureDetails":[],"failureMessages":[],"fullName":"messages POST rate limit headers returns 429 with standard headers when rate-limited","invocations":1,"location":null,"numPassingAsserts":4,"retryReasons":[],"status":"passed","title":"returns 429 with standard headers when rate-limited"}],"endTime":1755861736402,"message":"","name":"C:\\Users\\agafn\\Desktop\\education system 5\\tests\\unit\\api.messages.post.ratelimit.spec.ts","startTime":1755861736188,"status":"passed","summary":""},{"assertionResults":[{"ancestorTitles":["Settings Page (gateways)"],"duration":1,"failureDetails":[],"failureMessages":[],"fullName":"Settings Page (gateways) stubs profile and preferences endpoints","invocations":1,"location":null,"numPassingAsserts":1,"retryReasons":[],"status":"passed","title":"stubs profile and preferences endpoints"}],"endTime":1755861736410,"message":"","name":"C:\\Users\\agafn\\Desktop\\education system 5\\tests\\unit\\ui\\SettingsPage.spec.tsx","startTime":1755861734149,"status":"passed","summary":""},{"assertionResults":[{"ancestorTitles":["API /api/parent-links"],"duration":3,"failureDetails":[],"failureMessages":[],"fullName":"API /api/parent-links POST unauth → 401; non-admin → 403; admin 201","invocations":1,"location":null,"numPassingAsserts":3,"retryReasons":[],"status":"passed","title":"POST unauth → 401; non-admin → 403; admin 201"},{"ancestorTitles":["API /api/parent-links"],"duration":2,"failureDetails":[],"failureMessages":[],"fullName":"API /api/parent-links DELETE unauth → 401; non-admin → 403; admin 200","invocations":1,"location":null,"numPassingAsserts":3,"retryReasons":[],"status":"passed","title":"DELETE unauth → 401; non-admin → 403; admin 200"},{"ancestorTitles":["API /api/parent-links"],"duration":2,"failureDetails":[],"failureMessages":[],"fullName":"API /api/parent-links GET unauth → 401; missing parent_id → 400; non-admin self allowed; non-self forbidden","invocations":1,"location":null,"numPassingAsserts":4,"retryReasons":[],"status":"passed","title":"GET unauth → 401; missing parent_id → 400; non-admin self allowed; non-self forbidden"}],"endTime":1755861736422,"message":"","name":"C:\\Users\\agafn\\Desktop\\education system 5\\tests\\unit\\api.parent-links.spec.ts","startTime":1755861736223,"status":"passed","summary":""},{"assertionResults":[{"ancestorTitles":["Files attachments API"],"duration":6,"failureDetails":[],"failureMessages":[],"fullName":"Files attachments API 400 missing key; 401 unauth","invocations":1,"location":null,"numPassingAsserts":2,"retryReasons":[],"status":"passed","title":"400 missing key; 401 unauth"},{"ancestorTitles":["Files attachments API"],"duration":6,"failureDetails":[],"failureMessages":[],"fullName":"Files attachments API owner can delete; POST _method=DELETE delegates","invocations":1,"location":null,"numPassingAsserts":3,"retryReasons":[],"status":"passed","title":"owner can delete; POST _method=DELETE delegates"}],"endTime":1755861736423,"message":"","name":"C:\\Users\\agafn\\Desktop\\education system 5\\tests\\unit\\api.files.attachments.spec.ts","startTime":1755861736206,"status":"passed","summary":""},{"assertionResults":[{"ancestorTitles":["announcements event producers (TEST_MODE)"],"duration":6,"failureDetails":[],"failureMessages":[],"fullName":"announcements event producers (TEST_MODE) create emits announcement.create","invocations":1,"location":null,"numPassingAsserts":2,"retryReasons":[],"status":"passed","title":"create emits announcement.create"},{"ancestorTitles":["announcements event producers (TEST_MODE)"],"duration":8,"failureDetails":[],"failureMessages":[],"fullName":"announcements event producers (TEST_MODE) delete emits announcement.delete","invocations":1,"location":null,"numPassingAsserts":2,"retryReasons":[],"status":"passed","title":"delete emits announcement.delete"}],"endTime":1755861736519,"message":"","name":"C:\\Users\\agafn\\Desktop\\education system 5\\tests\\unit\\api.announcements.events.spec.ts","startTime":1755861736340,"status":"passed","summary":""},{"assertionResults":[{"ancestorTitles":["messages list GET rate-limit headers"],"duration":5,"failureDetails":[],"failureMessages":[],"fullName":"messages list GET rate-limit headers returns 429 with standard headers when limited","invocations":1,"location":null,"numPassingAsserts":1,"retryReasons":[],"status":"passed","title":"returns 429 with standard headers when limited"}],"endTime":1755861736544,"message":"","name":"C:\\Users\\agafn\\Desktop\\education system 5\\tests\\unit\\api.messages.list.ratelimit.spec.ts","startTime":1755861736431,"status":"passed","summary":""},{"assertionResults":[{"ancestorTitles":["DB RLS negative cases (policy guards)"],"duration":54,"failureDetails":[],"failureMessages":[],"fullName":"DB RLS negative cases (policy guards) student cannot read other students notifications","invocations":1,"location":null,"numPassingAsserts":1,"retryReasons":[],"status":"passed","title":"student cannot read other students notifications"},{"ancestorTitles":["DB RLS negative cases (policy guards)"],"duration":13,"failureDetails":[],"failureMessages":[],"fullName":"DB RLS negative cases (policy guards) non-owner cannot finalize someone else file (RLS and route guard)","invocations":1,"location":null,"numPassingAsserts":1,"retryReasons":[],"status":"passed","title":"non-owner cannot finalize someone else file (RLS and route guard)"},{"ancestorTitles":["DB RLS negative cases (policy guards)"],"duration":17,"failureDetails":[],"failureMessages":[],"fullName":"DB RLS negative cases (policy guards) student cannot list submissions for other assignment without auth as teacher","invocations":1,"location":null,"numPassingAsserts":1,"retryReasons":[],"status":"passed","title":"student cannot list submissions for other assignment without auth as teacher"}],"endTime":1755861736609,"message":"","name":"C:\\Users\\agafn\\Desktop\\education system 5\\tests\\unit\\db.rls.negative.spec.ts","startTime":1755861736422,"status":"passed","summary":""},{"assertionResults":[{"ancestorTitles":["files AV stub and quota exceed"],"duration":7,"failureDetails":[],"failureMessages":[],"fullName":"files AV stub and quota exceed EICAR-like content rejected","invocations":1,"location":null,"numPassingAsserts":1,"retryReasons":[],"status":"passed","title":"EICAR-like content rejected"}],"endTime":1755861736648,"message":"","name":"C:\\Users\\agafn\\Desktop\\education system 5\\tests\\unit\\api.files.av-and-quota.negatives.spec.ts","startTime":1755861736439,"status":"passed","summary":""},{"assertionResults":[{"ancestorTitles":["API /api/quiz-attempts"],"duration":3,"failureDetails":[],"failureMessages":[],"fullName":"API /api/quiz-attempts start: unauth → 401; non-student → 403; bad quiz_id → 400","invocations":1,"location":null,"numPassingAsserts":3,"retryReasons":[],"status":"passed","title":"start: unauth → 401; non-student → 403; bad quiz_id → 400"},{"ancestorTitles":["API /api/quiz-attempts"],"duration":3,"failureDetails":[],"failureMessages":[],"fullName":"API /api/quiz-attempts upsert: unauth → 401; non-student → 403; bad input → 400","invocations":1,"location":null,"numPassingAsserts":3,"retryReasons":[],"status":"passed","title":"upsert: unauth → 401; non-student → 403; bad input → 400"},{"ancestorTitles":["API /api/quiz-attempts"],"duration":4,"failureDetails":[],"failureMessages":[],"fullName":"API /api/quiz-attempts GET: missing quiz_id → 400; unauth → 401; non-teacher → 403","invocations":1,"location":null,"numPassingAsserts":3,"retryReasons":[],"status":"passed","title":"GET: missing quiz_id → 400; unauth → 401; non-teacher → 403"}],"endTime":1755861736709,"message":"","name":"C:\\Users\\agafn\\Desktop\\education system 5\\tests\\unit\\api.quiz-attempts.spec.ts","startTime":1755861736435,"status":"passed","summary":""},{"assertionResults":[{"ancestorTitles":["System Request ID (labs)"],"duration":84,"failureDetails":[],"failureMessages":[],"fullName":"System Request ID (labs) renders request-id from response headers when present","invocations":1,"location":null,"numPassingAsserts":1,"retryReasons":[],"status":"passed","title":"renders request-id from response headers when present"}],"endTime":1755861736728,"message":"","name":"C:\\Users\\agafn\\Desktop\\education system 5\\tests\\unit\\ui\\SystemRequestId.spec.tsx","startTime":1755861734195,"status":"passed","summary":""},{"assertionResults":[{"ancestorTitles":["Messages RLS/authorization negatives"],"duration":122,"failureDetails":[],"failureMessages":[],"fullName":"Messages RLS/authorization negatives unauthenticated cannot mark thread read-all","invocations":1,"location":null,"numPassingAsserts":1,"retryReasons":[],"status":"passed","title":"unauthenticated cannot mark thread read-all"}],"endTime":1755861736743,"message":"","name":"C:\\Users\\agafn\\Desktop\\education system 5\\tests\\unit\\db.rls.messages.readall.negative.spec.ts","startTime":1755861736539,"status":"passed","summary":""},{"assertionResults":[{"ancestorTitles":["validation bad-request matrix"],"duration":2,"failureDetails":[],"failureMessages":[],"fullName":"validation bad-request matrix assignments invalid course_id → 400/401","invocations":1,"location":null,"numPassingAsserts":1,"retryReasons":[],"status":"passed","title":"assignments invalid course_id → 400/401"},{"ancestorTitles":["validation bad-request matrix"],"duration":2,"failureDetails":[],"failureMessages":[],"fullName":"validation bad-request matrix quizzes invalid course_id → 400/401","invocations":1,"location":null,"numPassingAsserts":1,"retryReasons":[],"status":"passed","title":"quizzes invalid course_id → 400/401"},{"ancestorTitles":["validation bad-request matrix"],"duration":1,"failureDetails":[],"failureMessages":[],"fullName":"validation bad-request matrix quiz-questions invalid quiz_id → 400/401","invocations":1,"location":null,"numPassingAsserts":1,"retryReasons":[],"status":"passed","title":"quiz-questions invalid quiz_id → 400/401"},{"ancestorTitles":["validation bad-request matrix"],"duration":1,"failureDetails":[],"failureMessages":[],"fullName":"validation bad-request matrix messages invalid thread_id → 400/401","invocations":1,"location":null,"numPassingAsserts":1,"retryReasons":[],"status":"passed","title":"messages invalid thread_id → 400/401"},{"ancestorTitles":["validation bad-request matrix"],"duration":2,"failureDetails":[],"failureMessages":[],"fullName":"validation bad-request matrix parent-links missing fields → 400/401","invocations":1,"location":null,"numPassingAsserts":1,"retryReasons":[],"status":"passed","title":"parent-links missing fields → 400/401"},{"ancestorTitles":["validation bad-request matrix"],"duration":2,"failureDetails":[],"failureMessages":[],"fullName":"validation bad-request matrix upload-url missing content_type → 400/401","invocations":1,"location":null,"numPassingAsserts":1,"retryReasons":[],"status":"passed","title":"upload-url missing content_type → 400/401"},{"ancestorTitles":["validation bad-request matrix"],"duration":1,"failureDetails":[],"failureMessages":[],"fullName":"validation bad-request matrix download-url missing id → 400/401","invocations":1,"location":null,"numPassingAsserts":1,"retryReasons":[],"status":"passed","title":"download-url missing id → 400/401"},{"ancestorTitles":["validation bad-request matrix"],"duration":3,"failureDetails":[],"failureMessages":[],"fullName":"validation bad-request matrix resolve missing keys in body → 400/401","invocations":1,"location":null,"numPassingAsserts":1,"retryReasons":[],"status":"passed","title":"resolve missing keys in body → 400/401"},{"ancestorTitles":["validation bad-request matrix"],"duration":2,"failureDetails":[],"failureMessages":[],"fullName":"validation bad-request matrix engagement missing course_id → 400/401","invocations":1,"location":null,"numPassingAsserts":1,"retryReasons":[],"status":"passed","title":"engagement missing course_id → 400/401"},{"ancestorTitles":["validation bad-request matrix"],"duration":3,"failureDetails":[],"failureMessages":[],"fullName":"validation bad-request matrix registry versions missing external_course_id → 400/401/403","invocations":1,"location":null,"numPassingAsserts":1,"retryReasons":[],"status":"passed","title":"registry versions missing external_course_id → 400/401/403"}],"endTime":1755861736894,"message":"","name":"C:\\Users\\agafn\\Desktop\\education system 5\\tests\\unit\\api.validation.bad-request.matrix.spec.ts","startTime":1755861736557,"status":"passed","summary":""},{"assertionResults":[{"ancestorTitles":["parent-links headers & guards"],"duration":3,"failureDetails":[],"failureMessages":[],"fullName":"parent-links headers
[...]
me":"Profile avatar upload (future) avatar upload via signed URL (files API) updates profile avatar_url","invocations":1,"location":null,"numPassingAsserts":0,"retryReasons":[],"status":"todo","title":"avatar upload via signed URL (files API) updates profile avatar_url"}],"endTime":1755861810033,"message":"","name":"C:\\Users\\agafn\\Desktop\\education system 5\\tests\\unit\\future.profile-avatar.spec.ts","startTime":1755861809977,"status":"passed","summary":""},{"assertionResults":[{"ancestorTitles":["environment validation"],"duration":34,"failureDetails":[],"failureMessages":[],"fullName":"environment validation prod with RUNTIME_API_V2=1 requires RS256 keys","invocations":1,"location":null,"numPassingAsserts":1,"retryReasons":[],"status":"passed","title":"prod with RUNTIME_API_V2=1 requires RS256 keys"},{"ancestorTitles":["environment validation"],"duration":1,"failureDetails":[],"failureMessages":[],"fullName":"environment validation prod with TEST_MODE=1 throws unless explicitly allowed","invocations":1,"location":null,"numPassingAsserts":1,"retryReasons":[],"status":"passed","title":"prod with TEST_MODE=1 throws unless explicitly allowed"},{"ancestorTitles":["environment validation"],"duration":1,"failureDetails":[],"failureMessages":[],"fullName":"environment validation invalid numeric values throw","invocations":1,"location":null,"numPassingAsserts":1,"retryReasons":[],"status":"passed","title":"invalid numeric values throw"},{"ancestorTitles":["environment validation"],"duration":2,"failureDetails":[],"failureMessages":[],"fullName":"environment validation reports limits validate numerics","invocations":1,"location":null,"numPassingAsserts":2,"retryReasons":[],"status":"passed","title":"reports limits validate numerics"}],"endTime":1755861810040,"message":"","name":"C:\\Users\\agafn\\Desktop\\education system 5\\tests\\unit\\env.validation.spec.ts","startTime":1755861809925,"status":"passed","summary":""},{"assertionResults":[{"ancestorTitles":["storageKey"],"duration":10,"failureDetails":[],"failureMessages":[],"fullName":"storageKey prefixes with tenant/product and includes entity/id/filename","invocations":1,"location":null,"numPassingAsserts":2,"retryReasons":[],"status":"passed","title":"prefixes with tenant/product and includes entity/id/filename"}],"endTime":1755861810076,"message":"","name":"C:\\Users\\agafn\\Desktop\\education system 5\\tests\\unit\\lib.storageKey.spec.ts","startTime":1755861809972,"status":"passed","summary":""},{"assertionResults":[{"ancestorTitles":["Events API (future)"],"duration":null,"failureDetails":[],"failureMessages":[],"fullName":"Events API (future) POST /api/events accepts valid payload and returns 204","invocations":1,"location":null,"numPassingAsserts":0,"retryReasons":[],"status":"todo","title":"POST /api/events accepts valid payload and returns 204"}],"endTime":1755861810112,"message":"","name":"C:\\Users\\agafn\\Desktop\\education system 5\\tests\\unit\\api.events.spec.ts","startTime":1755861810047,"status":"passed","summary":""},{"assertionResults":[{"ancestorTitles":["security headers (CSP frame-ancestors + X-Frame-Options)"],"duration":2,"failureDetails":[],"failureMessages":[],"fullName":"security headers (CSP frame-ancestors + X-Frame-Options) middleware sets CSP frame-ancestors none and X-Frame-Options DENY","invocations":1,"location":null,"numPassingAsserts":2,"retryReasons":[],"status":"passed","title":"middleware sets CSP frame-ancestors none and X-Frame-Options DENY"}],"endTime":1755861810116,"message":"","name":"C:\\Users\\agafn\\Desktop\\education system 5\\tests\\unit\\api.headers.security.spec.ts","startTime":1755861810041,"status":"passed","summary":""},{"assertionResults":[{"ancestorTitles":["middleware headers behavior"],"duration":2,"failureDetails":[],"failureMessages":[],"fullName":"middleware headers behavior adds x-request-id if missing via a guard response path","invocations":1,"location":null,"numPassingAsserts":2,"retryReasons":[],"status":"passed","title":"adds x-request-id if missing via a guard response path"},{"ancestorTitles":["middleware headers behavior"],"duration":2,"failureDetails":[],"failureMessages":[],"fullName":"middleware headers behavior echoes upstream x-request-id on forbidden x-test-auth path","invocations":1,"location":null,"numPassingAsserts":2,"retryReasons":[],"status":"passed","title":"echoes upstream x-request-id on forbidden x-test-auth path"},{"ancestorTitles":["middleware headers behavior"],"duration":1,"failureDetails":[],"failureMessages":[],"fullName":"middleware headers behavior in production: RUNTIME_API_V2=1 without RS256 keys yields 500","invocations":1,"location":null,"numPassingAsserts":2,"retryReasons":[],"status":"passed","title":"in production: RUNTIME_API_V2=1 without RS256 keys yields 500"},{"ancestorTitles":["middleware headers behavior"],"duration":1,"failureDetails":[],"failureMessages":[],"fullName":"middleware headers behavior in production: missing NEXT_PUBLIC_SUPABASE_* yields 500 with request-id","invocations":1,"location":null,"numPassingAsserts":2,"retryReasons":[],"status":"passed","title":"in production: missing NEXT_PUBLIC_SUPABASE_* yields 500 with request-id"},{"ancestorTitles":["middleware headers behavior"],"duration":1,"failureDetails":[],"failureMessages":[],"fullName":"middleware headers behavior in production: http Supabase URL yields 500 with request-id","invocations":1,"location":null,"numPassingAsserts":2,"retryReasons":[],"status":"passed","title":"in production: http Supabase URL yields 500 with request-id"}],"endTime":1755861810139,"message":"","name":"C:\\Users\\agafn\\Desktop\\education system 5\\tests\\unit\\middleware.headers-and-guards.spec.ts","startTime":1755861810050,"status":"passed","summary":""},{"assertionResults":[{"ancestorTitles":["serverFetch utils"],"duration":2,"failureDetails":[],"failureMessages":[],"fullName":"serverFetch utils getBaseUrl prefers PLAYWRIGHT_BASE_URL then NEXT_PUBLIC_BASE_URL then localhost","invocations":1,"location":null,"numPassingAsserts":3,"retryReasons":[],"status":"passed","title":"getBaseUrl prefers PLAYWRIGHT_BASE_URL then NEXT_PUBLIC_BASE_URL then localhost"},{"ancestorTitles":["serverFetch utils"],"duration":0,"failureDetails":[],"failureMessages":[],"fullName":"serverFetch utils PLAYWRIGHT_BASE_URL takes precedence when both set","invocations":1,"location":null,"numPassingAsserts":1,"retryReasons":[],"status":"passed","title":"PLAYWRIGHT_BASE_URL takes precedence when both set"},{"ancestorTitles":["serverFetch utils"],"duration":1,"failureDetails":[],"failureMessages":[],"fullName":"serverFetch utils serverFetch builds absolute URL and propagates headers when given path","invocations":1,"location":null,"numPassingAsserts":2,"retryReasons":[],"status":"passed","title":"serverFetch builds absolute URL and propagates headers when given path"},{"ancestorTitles":["serverFetch utils"],"duration":0,"failureDetails":[],"failureMessages":[],"fullName":"serverFetch utils serverFetch injects x-test-auth from cookies when header missing","invocations":1,"location":null,"numPassingAsserts":1,"retryReasons":[],"status":"passed","title":"serverFetch injects x-test-auth from cookies when header missing"},{"ancestorTitles":["serverFetch utils"],"duration":1,"failureDetails":[],"failureMessages":[],"fullName":"serverFetch utils serverFetch forwards upstream x-request-id from Next headers when not provided","invocations":1,"location":null,"numPassingAsserts":1,"retryReasons":[],"status":"passed","title":"serverFetch forwards upstream x-request-id from Next headers when not provided"}],"endTime":1755861810185,"message":"","name":"C:\\Users\\agafn\\Desktop\\education system 5\\tests\\unit\\lib.serverFetch.spec.ts","startTime":1755861810094,"status":"passed","summary":""},{"assertionResults":[{"ancestorTitles":["runtime v2 checkpoint endpoints (spec)"],"duration":0,"failureDetails":[],"failureMessages":[],"fullName":"runtime v2 checkpoint endpoints (spec) POST /api/runtime/checkpoint/save validates size and shape (doc spec)","invocations":1,"location":null,"numPassingAsserts":1,"retryReasons":[],"status":"passed","title":"POST /api/runtime/checkpoint/save validates size and shape (doc spec)"},{"ancestorTitles":["runtime v2 checkpoint endpoints (spec)"],"duration":0,"failureDetails":[],"failureMessages":[],"fullName":"runtime v2 checkpoint endpoints (spec) GET /api/runtime/checkpoint/load returns { key, state } or 404 (doc spec)","invocations":1,"location":null,"numPassingAsserts":1,"retryReasons":[],"status":"passed","title":"GET /api/runtime/checkpoint/load returns { key, state } or 404 (doc spec)"}],"endTime":1755861810194,"message":"","name":"C:\\Users\\agafn\\Desktop\\education system 5\\tests\\unit\\api.runtime.checkpoint.spec.ts","startTime":1755861810131,"status":"passed","summary":""},{"assertionResults":[{"ancestorTitles":["paginate helpers edge cases"],"duration":13,"failureDetails":[],"failureMessages":[],"fullName":"paginate helpers edge cases toQuery clamps defaults for undefined","invocations":1,"location":null,"numPassingAsserts":1,"retryReasons":[],"status":"passed","title":"toQuery clamps defaults for undefined"},{"ancestorTitles":["paginate helpers edge cases"],"duration":1,"failureDetails":[],"failureMessages":[],"fullName":"paginate helpers edge cases parseTotalCount returns undefined for invalid values","invocations":1,"location":null,"numPassingAsserts":4,"retryReasons":[],"status":"passed","title":"parseTotalCount returns undefined for invalid values"}],"endTime":1755861810222,"message":"","name":"C:\\Users\\agafn\\Desktop\\education system 5\\tests\\unit\\lib.paginate.edgecases.spec.ts","startTime":1755861810131,"status":"passed","summary":""},{"assertionResults":[{"ancestorTitles":["lib rateLimit"],"duration":2,"failureDetails":[],"failureMessages":[],"fullName":"lib rateLimit allows within limit then blocks with headers info semantics","invocations":1,"location":null,"numPassingAsserts":7,"retryReasons":[],"status":"passed","title":"allows within limit then blocks with headers info semantics"}],"endTime":1755861810247,"message":"","name":"C:\\Users\\agafn\\Desktop\\education system 5\\tests\\unit\\lib.rateLimit.spec.ts","startTime":1755861810154,"status":"passed","summary":""},{"assertionResults":[{"ancestorTitles":["serverFetch CSRF header attachment"],"duration":2,"failureDetails":[],"failureMessages":[],"fullName":"serverFetch CSRF header attachment attaches x-csrf-token for unsafe methods when cookie present","invocations":1,"location":null,"numPassingAsserts":1,"retryReasons":[],"status":"passed","title":"attaches x-csrf-token for unsafe methods when cookie present"}],"endTime":1755861810298,"message":"","name":"C:\\Users\\agafn\\Desktop\\education system 5\\tests\\unit\\client.serverFetch.csrf.spec.ts","startTime":1755861810215,"status":"passed","summary":""},{"assertionResults":[{"ancestorTitles":["runtimeAuth clock skew tolerance"],"duration":34,"failureDetails":[],"failureMessages":[],"fullName":"runtimeAuth clock skew tolerance accepts tokens within tolerance window (dev HS256 path mocked)","invocations":1,"location":null,"numPassingAsserts":1,"retryReasons":[],"status":"passed","title":"accepts tokens within tolerance window (dev HS256 path mocked)"}],"endTime":1755861810309,"message":"","name":"C:\\Users\\agafn\\Desktop\\education system 5\\tests\\unit\\lib.runtimeAuth.clockskew.spec.ts","startTime":1755861810206,"status":"passed","summary":""},{"assertionResults":[{"ancestorTitles":["AnnouncementsGateway"],"duration":3,"failureDetails":[],"failureMessages":[],"fullName":"AnnouncementsGateway listAll returns rows","invocations":1,"location":null,"numPassingAsserts":2,"retryReasons":[],"status":"passed","title":"listAll returns rows"}],"endTime":1755861810339,"message":"","name":"C:\\Users\\agafn\\Desktop\\education system 5\\tests\\unit\\gateways\\announcements.gateway.spec.ts","startTime":1755861810255,"status":"passed","summary":""},{"assertionResults":[{"ancestorTitles":["services.notifications (test-store producers/prefs)"],"duration":2,"failureDetails":[],"failureMessages":[],"fullName":"services.notifications (test-store producers/prefs) producers called on submission graded; preferences gating simulated","invocations":1,"location":null,"numPassingAsserts":3,"retryReasons":[],"status":"passed","title":"producers called on submission graded; preferences gating simulated"}],"endTime":1755861810375,"message":"","name":"C:\\Users\\agafn\\Desktop\\education system 5\\tests\\unit\\services.notifications.spec.ts","startTime":1755861810255,"status":"passed","summary":""},{"assertionResults":[{"ancestorTitles":["Labs/Student Enrollments Grid page"],"duration":3,"failureDetails":[],"failureMessages":[],"fullName":"Labs/Student Enrollments Grid page stubs /api/enrollments","invocations":1,"location":null,"numPassingAsserts":1,"retryReasons":[],"status":"passed","title":"stubs /api/enrollments"}],"endTime":1755861810390,"message":"","name":"C:\\Users\\agafn\\Desktop\\education system 5\\tests\\unit\\ui\\StudentEnrollmentsGrid.spec.tsx","startTime":1755861810295,"status":"passed","summary":""},{"assertionResults":[{"ancestorTitles":["Labs/TeacherCoursesGrid page"],"duration":3,"failureDetails":[],"failureMessages":[],"fullName":"Labs/TeacherCoursesGrid page stubs /api/courses to provide rows","invocations":1,"location":null,"numPassingAsserts":1,"retryReasons":[],"status":"passed","title":"stubs /api/courses to provide rows"}],"endTime":1755861810390,"message":"","name":"C:\\Users\\agafn\\Desktop\\education system 5\\tests\\unit\\ui\\TeacherCoursesGrid.spec.tsx","startTime":1755861810208,"status":"passed","summary":""},{"assertionResults":[{"ancestorTitles":["Labs/Student Learning Overview page"],"duration":3,"failureDetails":[],"failureMessages":[],"fullName":"Labs/Student Learning Overview page stubs /api/enrollments and /api/lessons","invocations":1,"location":null,"numPassingAsserts":1,"retryReasons":[],"status":"passed","title":"stubs /api/enrollments and /api/lessons"}],"endTime":1755861810591,"message":"","name":"C:\\Users\\agafn\\Desktop\\education system 5\\tests\\unit\\ui\\StudentLearningOverview.spec.tsx","startTime":1755861810409,"status":"passed","summary":""},{"assertionResults":[{"ancestorTitles":["rateLimit redis fallback"],"duration":2,"failureDetails":[],"failureMessages":[],"fullName":"rateLimit redis fallback async falls back to in-memory when redis returns falsy","invocations":1,"location":null,"numPassingAsserts":2,"retryReasons":[],"status":"passed","title":"async falls back to in-memory when redis returns falsy"},{"ancestorTitles":["rateLimit redis fallback"],"duration":1,"failureDetails":[],"failureMessages":[],"fullName":"rateLimit redis fallback sync increments and blocks after limit","invocations":1,"location":null,"numPassingAsserts":4,"retryReasons":[],"status":"passed","title":"sync increments and blocks after limit"}],"endTime":1755861810376,"message":"","name":"C:\\Users\\agafn\\Desktop\\education system 5\\tests\\unit\\lib.rateLimit.redis-fallback.spec.ts","startTime":1755861810323,"status":"passed","summary":""},{"assertionResults":[{"ancestorTitles":["Epic I: Access Control & Permissions"],"duration":null,"failureDetails":[],"failureMessages":[],"fullName":"Epic I: Access Control & Permissions admin can update role via PATCH /api/user/role","invocations":1,"location":null,"numPassingAsserts":0,"retryReasons":[],"status":"todo","title":"admin can update role via PATCH /api/user/role"},{"ancestorTitles":["Epic I: Access Control & Permissions"],"duration":null,"failureDetails":[],"failureMessages":[],"fullName":"Epic I: Access Control & Permissions course ownership transfer endpoint enforces teacher/admin role","invocations":1,"location":null,"numPassingAsserts":0,"retryReasons":[],"status":"todo","title":"course ownership transfer endpoint enforces teacher/admin role"},{"ancestorTitles":["Epic I: Access Control & Permissions"],"duration":null,"failureDetails":[],"failureMessages":[],"fullName":"Epic I: Access Control & Permissions parent links CRUD restricted to admin","invocations":1,"location":null,"numPassingAsserts":0,"retryReasons":[],"status":"todo","title":"parent links CRUD restricted to admin"},{"ancestorTitles":["Epic I: Access Control & Permissions"],"duration":null,"failureDetails":[],"failureMessages":[],"fullName":"Epic I: Access Control & Permissions role gating applied to dashboards and course pages (SSR)","invocations":1,"location":null,"numPassingAsserts":0,"retryReasons":[],"status":"todo","title":"role gating applied to dashboards and course pages (SSR)"}],"endTime":1755861829222,"message":"","name":"C:\\Users\\agafn\\Desktop\\education system 5\\tests\\unit\\future.access-control.spec.ts","startTime":1755861829015,"status":"passed","summary":""},{"assertionResults":[{"ancestorTitles":["Epic G: Analytics and Reporting (MVP)"],"duration":null,"failureDetails":[],"failureMessages":[],"fullName":"Epic G: Analytics and Reporting (MVP) emits an event on key user actions (course created, assignment graded)","invocations":1,"location":null,"numPassingAsserts":0,"retryReasons":[],"status":"todo","title":"emits an event on key user actions (course created, assignment graded)"},{"ancestorTitles":["Epic G: Analytics and Reporting (MVP)"],"duration":null,"failureDetails":[],"failureMessages":[],"fullName":"Epic G: Analytics and Reporting (MVP) GET /api/reports/course-engagement returns aggregated stats","invocations":1,"location":null,"numPassingAsserts":0,"retryReasons":[],"status":"todo","title":"GET /api/reports/course-engagement returns aggregated stats"},{"ancestorTitles":["Epic G: Analytics and Reporting (MVP)"],"duration":null,"failureDetails":[],"failureMessages":[],"fullName":"Epic G: Analytics and Reporting (MVP) GET /api/reports/grade-distribution returns histogram/percentiles","invocations":1,"location":null,"numPassingAsserts":0,"retryReasons":[],"status":"todo","title":"GET /api/reports/grade-distribution returns histogram/percentiles"},{"ancestorTitles":["Epic G: Analytics and Reporting (MVP)"],"duration":null,"failureDetails":[],"failureMessages":[],"fullName":"Epic G: Analytics and Reporting (MVP) report endpoints support CSV download","invocations":1,"location":null,"numPassingAsserts":0,"retryReasons":[],"status":"todo","title":"report endpoints support CSV download"}],"endTime":1755861829221,"message":"","name":"C:\\Users\\agafn\\Desktop\\education system 5\\tests\\unit\\future.analytics.spec.ts","startTime":1755861829036,"status":"passed","summary":""},{"assertionResults":[{"ancestorTitles":["middleware CSP frame-src from x-frame-allow header"],"duration":3,"failureDetails":[],"failureMessages":[],"fullName":"middleware CSP frame-src from x-frame-allow header extends frame-src when header present","invocations":1,"location":null,"numPassingAsserts":1,"retryReasons":[],"status":"passed","title":"extends frame-src when header present"}],"endTime":1755861829241,"message":"","name":"C:\\Users\\agafn\\Desktop\\education system 5\\tests\\unit\\middleware.csp.frame-allow-header.spec.ts","startTime":1755861829035,"status":"passed","summary":""},{"assertionResults":[{"ancestorTitles":["COEP header behavior"],"duration":3,"failureDetails":[],"failureMessages":[],"fullName":"COEP header behavior COEP header absent by default","invocations":1,"location":null,"numPassingAsserts":1,"retryReasons":[],"status":"passed","title":"COEP header absent by default"},{"ancestorTitles":["COEP header behavior"],"duration":19,"failureDetails":[],"failureMessages":[],"fullName":"COEP header behavior COEP header present when enabled","invocations":1,"location":null,"numPassingAsserts":1,"retryReasons":[],"status":"passed","title":"COEP header present when enabled"}],"endTime":1755861829248,"message":"","name":"C:\\Users\\agafn\\Desktop\\education system 5\\tests\\unit\\middleware.coep.spec.ts","startTime":1755861829040,"status":"passed","summary":""}],"wasInterrupted":false}
